          X       Y       Z     PHI     PSI res atomn  ri
pdb1qdd
CA   42.468  11.165  63.306 -115.50  141.10 CYS   170  24
Cen  42.573  11.637  63.026
CA   34.562   4.669  68.527  -60.30  -49.90 PHE   462  60
Cen  36.362   5.696  68.081
CA   32.180  19.015  69.145 -159.40  161.50 PHE  1069 137
Cen  33.636  20.696  68.631
pdb1mrp
CA   41.710  11.060  62.251 -151.30  153.30 ALA  1461 189
Cen  41.714  10.444  62.597
CA   34.952   1.520  69.095  -91.80  144.00 SER   770 101
Cen  35.573   1.751  68.957
CA   31.625  23.834  70.788  -61.80  -42.00 ASN  1233 159
Cen  31.849  24.398  71.460
pdb1nbc
CA   41.896  10.739  63.249  -95.30   -7.00 ASN   564  72
Cen  42.339   9.987  62.862
CA   34.513   2.558  68.556 -109.60  133.20 GLN   821 107
Cen  34.858   1.554  69.774
CA   33.209  22.143  69.548 -132.30  140.00 THR   409  51
Cen  33.548  22.099  70.133
pdb1nkr
CA   42.977   9.768  62.085  -68.80  -14.00 ASP   534  66
Cen  43.064  10.990  62.105
CA   34.349   4.747  68.012  -96.50  121.40 THR   559  70
Cen  34.439   4.320  68.577
CA   30.765  20.311  70.099 -107.50  148.60 ASN   460  57
Cen  30.327  21.110  69.777
pdb1nkr
CA   42.328  12.167  62.658  -68.80  -14.00 ASP   534  66
Cen  42.231  10.964  62.868
CA   33.504   4.437  69.943  -97.20  138.30 SER   479  59
Cen  33.624   3.965  69.754
CA   33.291  19.502  68.614  -85.70  117.90 ASP   729  92
Cen  33.449  20.432  68.583
pdb1nox
CA   42.738  12.613  62.835 -142.60  144.40 ARG   385  47
Cen  44.511  12.045  61.884
CA   34.063   2.816  69.207  -59.70  -49.20 TYR  1073 136
Cen  35.796   1.216  69.319
CA   32.542  19.559  69.004 -120.10  126.40 VAL   609  76
Cen  32.719  19.988  68.493
pdb1nox
CA   42.731  12.090  63.040 -137.10  133.70 VAL   602  75
Cen  42.820  12.804  62.952
CA   34.159   3.561  69.664  -64.80  -41.10 ALA   483  59
Cen  33.976   4.055  69.712
CA   32.606  19.587  68.970 -167.50  154.50 ALA  1353 173
Cen  33.315  19.441  69.131
pdb1opd
CA   41.250   8.872  63.215  -65.70  133.30 SER   317  42
Cen  41.784   9.140  63.637
CA   36.069   5.874  68.195  -72.60  133.10 GLU   241  31
Cen  35.703   5.604  66.533
CA   31.531  19.173  71.107  -65.60  -44.30 HIS   562  75
Cen  31.591  19.093  72.775
pdb1opd
CA   43.282  12.626  62.425  -72.60  133.10 GLU   241  31
Cen  42.622  14.214  62.322
CA   33.420   4.699  69.196  -65.60  -44.30 HIS   562  75
Cen  34.036   3.187  68.842
CA   32.318  18.044  69.100 -107.10  128.50 THR   458  61
Cen  32.584  18.434  68.596
pdb1opd
CA   42.471  11.612  62.767 -120.50  137.00 THR   258  33
Cen  42.780  11.984  63.244
CA   33.692   3.896  69.381  -73.90  -15.10 THR   390  51
Cen  34.387   3.950  69.554
CA   32.900  19.432  69.016  -90.20  127.40 VAL   444  59
Cen  33.424  19.712  69.401
pdb1opd
CA   43.252  12.959  62.307 -120.50  137.00 THR   258  33
Cen  43.015  13.495  61.962
CA   33.497   3.826  69.423  -61.20  -48.60 LEU   596  79
Cen  34.536   3.670  70.016
CA   32.457  18.145  69.264  -90.20  127.40 VAL   444  59
Cen  32.386  18.616  68.741
pdb1opd
CA   41.279  12.161  62.860 -107.10  128.50 THR   458  61
Cen  41.075  11.700  62.388
CA   34.177   4.111  67.860  -65.70  133.30 SER   317  42
Cen  33.979   4.087  68.564
CA   32.675  20.195  69.242  -65.60  -44.30 HIS   562  75
Cen  31.222  20.736  69.864
pdb1pcf
CA   40.747  10.903  64.471 -129.60  142.30 LEU   166  20
Cen  41.568  11.210  64.892
CA   35.858   3.635  68.618  -73.50  -34.30 GLN   387  47
Cen  37.193   4.030  69.373
CA   33.129  20.830  68.688 -137.20  148.20 TYR    75   9
Cen  33.462  23.007  68.174
pdb1pgs
CA   41.470  11.863  62.536 -139.60  126.00 SER  2309 293
Cen  41.949  11.978  62.891
CA   34.267   4.175  68.667  -55.90  -23.20 ASP   786  98
Cen  34.885   4.193  67.946
CA   32.577  18.795  69.257  -91.40  130.90 TRP   556  71
Cen  30.423  19.829  69.311
pdb1pmi
CA   40.774  10.515  63.843 -105.90  131.40 LYS   457  58
Cen  42.243   9.634  63.247
CA   35.610   4.186  68.250  -62.90  -51.50 ASP   546  69
Cen  36.283   3.754  68.273
CA   32.511  19.813  68.759 -139.60  113.60 LEU    32   4
Cen  32.883  20.961  68.445
pdb1pmi
CA   41.605  12.210  63.228  -91.50  121.70 ALA  3011 384
Cen  41.043  12.588  63.510
CA   33.337   4.679  68.783 -135.40  164.60 LYS   776  98
Cen  32.143   3.760  69.911
CA   34.028  18.740  69.479  -54.50  -50.30 GLN   212  27
Cen  35.132  18.765  70.563
pdb1pmi
CA   41.506  12.331  63.641  -91.50  121.70 ALA  3011 384
Cen  41.020  12.830  63.874
CA   33.348   3.367  69.305  -71.90  125.80 ALA  1103 140
Cen  34.049   3.364  69.348
CA   33.791  19.177  69.364  -54.50  -50.30 GLN   212  27
Cen  33.905  18.142  70.509
pdb1pmi
CA   42.847  11.074  62.482  -79.80  137.90 THR   520  66
Cen  43.279  11.628  62.688
CA   33.670   4.178  68.409 -125.80  148.60 PHE  3193 409
Cen  32.221   3.192  67.693
CA   32.451  20.085  69.221  -83.00  -40.50 GLU   606  77
Cen  32.096  19.230  67.686
pdb1pmi
CA   41.206   9.179  62.998  -93.90  128.30 TYR  2243 285
Cen  42.296   7.352  62.039
CA   36.188   5.227  68.296 -129.60  153.00 PHE  1130 144
Cen  37.005   5.265  66.319
CA   31.548  20.220  70.757  -69.90  -32.40 GLU  1907 242
Cen  30.540  19.741  71.637
pdb1pmi
CA   42.466  12.460  63.356 -158.60  176.10 GLY  1150 146
Cen  42.083  12.122  62.446
CA   34.084   3.967  68.955  -68.00  -46.50 ARG  1941 246
Cen  36.259   4.130  67.829
CA   32.118  18.871  69.396  178.60  179.10 GLY  2382 304
Cen  33.079  18.928  69.690
pdb1pmi
CA   42.824  10.044  63.141  -93.90  128.30 TYR  2243 285
Cen  44.515   8.600  62.430
CA   34.079   4.965  69.323  -62.20  133.30 ASN  2091 265
Cen  34.346   4.060  69.469
CA   31.871  19.851  70.838  -69.90  -32.40 GLU  1907 242
Cen  32.103  20.192  72.197
pdb1pmi
CA   42.414  10.104  63.221  -93.90  128.30 TYR  2243 285
Cen  43.918   8.868  61.933
CA   34.343   3.729  69.114  -62.20  133.30 ASN  2091 265
Cen  34.582   2.813  68.987
CA   31.712  20.358  70.458  -64.10  -37.60 GLN  1932 245
Cen  31.269  20.872  71.874
pdb1ppn
CA   41.886  11.013  62.664 -132.70  131.30 ALA  1263 161
Cen  41.969  11.564  63.061
CA   33.787   4.674  68.604  -65.50  -50.50 SER   985 123
Cen  33.967   4.811  68.402
CA   33.018  19.589  68.826 -154.30  165.00 TYR  1319 169
Cen  34.678  19.566  70.748
pdb1ppn
CA   41.427   9.770  62.404 -106.10  142.70 ALA  1251 159
Cen  41.636   9.586  63.116
CA   35.306   4.593  68.410  -88.90  114.80 LYS  1355 173
Cen  36.708   3.294  68.851
CA   31.383  21.466  70.136  -65.50  -40.50 ASP  1095 139
Cen  30.991  21.963  69.673
pdb1ppn
CA   41.765  10.965  63.885 -106.10  142.70 ALA  1251 159
Cen  41.839  11.486  63.331
CA   34.130   4.564  68.664   90.50   12.60 GLY  1563 200
Cen  34.477   5.244  68.887
CA   32.098  19.219  69.276 -100.70  123.70 LEU  1339 171
Cen  32.586  20.291  69.135
pdb1ppn
CA   42.747  11.696  62.909 -132.70  131.30 ALA  1263 161
Cen  42.341  12.207  62.704
CA   33.272   4.282  69.424   90.50   12.60 GLY  1563 200
Cen  33.888   4.776  69.320
CA   32.255  18.350  68.892 -154.30  165.00 TYR  1319 169
Cen  33.230  20.418  67.785
pdb1qau
CA   42.609  12.298  62.705 -102.80  110.40 VAL   586  80
Cen  43.054  11.748  62.543
CA   34.215   4.573  68.855  -59.70  -45.90 VAL   504  69
Cen  34.606   4.687  68.369
CA   32.560  18.033  70.289   65.80 -144.60 GLY   104  13
Cen  32.925  18.717  69.714
pdb1qau
CA   41.885  11.392  62.456  -77.90   -5.20 GLY   530  72
Cen  41.731  11.588  63.154
CA   34.921   5.243  68.324   65.80 -144.60 GLY   104  13
Cen  34.222   5.336  68.983
CA   32.741  18.757  70.318 -102.80  110.40 VAL   586  80
Cen  32.917  19.455  70.222
pdb1qau
CA   41.568  12.452  62.725 -118.10  160.00 LEU   131  17
Cen  42.219  12.512  61.970
CA   34.038   4.766  67.966  -89.80  130.60 ILE   353  49
Cen  33.234   4.212  68.132
CA   32.439  19.179  69.710  -59.70  -45.90 VAL   504  69
Cen  32.451  18.689  70.113
pdb1qau
CA   42.393  12.329  63.016 -102.80  110.40 VAL   586  80
Cen  42.055  12.328  62.374
CA   33.550   4.565  68.445  -59.70  -45.90 VAL   504  69
Cen  33.699   5.054  68.069
CA   32.450  19.058  69.890  -89.80  130.60 ILE   353  49
Cen  31.771  19.505  69.326
pdb1qb7
CA   42.625  12.081  62.716  -71.20  -45.20 ILE  1361 173
Cen  42.926  12.345  63.310
CA   34.158   5.165  68.691  -79.70  -17.50 ALA  1632 206
Cen  34.335   5.497  69.113
CA   32.604  18.868  68.845  -86.60  109.80 PHE   336  40
Cen  33.956  20.465  68.706
pdb1qcx
CA   42.590  11.990  61.823  -67.50  -38.90 GLU   187  29
Cen  41.825  11.890  60.449
CA   33.029   4.426  70.037 -133.50  138.10 VAL   859 119
Cen  33.210   3.760  69.837
CA   32.268  19.316  70.120 -125.10  111.10 SER   801 110
Cen  32.179  19.373  69.535
pdb1qdd
CA   43.202  11.879  62.585 -115.50  141.10 CYS   170  24
Cen  43.367  12.402  62.480
CA   33.071   4.585  69.411  -64.80  -40.80 SER   485  63
Cen  33.739   4.703  69.344
CA   32.362  18.461  68.967 -159.40  161.50 PHE  1069 137
Cen  33.937  20.095  69.207
pdb1qdd
CA   42.570  10.832  63.518  -70.70  173.30 SER  1063 136
Cen  42.466  11.298  62.875
CA   34.180   6.385  68.710  -67.50  -33.40 ASP   284  36
Cen  34.410   5.534  68.809
CA   31.926  16.976  69.965 -154.00  165.90 ASN   374  48
Cen  30.696  17.379  69.987
pdb1qdd
CA   41.168  10.197  63.849 -159.40  161.50 PHE  1069 137
Cen  43.336  10.413  63.166
CA   35.688   4.904  67.935 -122.00  157.20 SER   900 116
Cen  34.948   4.502  67.842
CA   32.787  20.255  70.208  -60.30  -49.90 PHE   462  60
Cen  34.643  21.129  69.674
pdb1qft
CA   42.240  11.598  63.507 -159.80  154.20 CYS   949 118
Cen  41.684  11.652  62.853
CA   33.979   5.250  68.268  -60.50  -44.90 LYS   143  18
Cen  34.590   4.896  66.400
CA   32.165  18.525  69.839 -118.90  138.20 VAL   887 110
Cen  31.933  18.970  69.374
pdb1qft
CA   42.226  11.390  63.742 -128.30  158.80 SER   485  61
Cen  42.139  11.888  63.066
CA   34.094   5.822  69.213  -62.00  -40.10 SER   152  19
Cen  34.300   6.305  69.609
CA   32.280  17.298  69.627 -144.20  155.90 MET   406  51
Cen  32.118  18.792  69.406
pdb1qft
CA   41.697  11.168  63.782 -140.30  162.90 ALA   769  96
Cen  41.082  11.406  63.576
CA   35.537   4.995  68.205  -62.00  -40.10 SER   152  19
Cen  35.723   5.486  68.600
CA   32.274  19.085  69.249  -82.80  142.00 LYS   653  82
Cen  32.218  19.774  67.490
pdb1qft
CA   41.911  11.513  62.288  -64.30  -24.20 ALA   175  22
Cen  41.666  11.832  62.678
CA   33.622   5.171  69.083 -101.60  121.80 GLN   499  63
Cen  33.123   4.491  69.725
CA   33.599  18.893  69.254 -143.80  160.80 GLY   395  49
Cen  32.986  18.128  69.508
pdb1qft
CA   42.163  10.332  63.482 -159.80  154.20 CYS   949 118
Cen  41.940  10.723  62.749
CA   34.807   5.919  67.722  -64.30  -24.20 ALA   175  22
Cen  35.258   5.864  68.049
CA   33.021  20.022  69.604 -140.30  162.90 ALA   769  96
Cen  32.516  19.682  69.932
pdb1qft
CA   41.440   9.855  63.955 -105.20  154.30 PHE   522  66
Cen  42.706   8.696  64.754
CA   34.648   5.031  68.642 -109.80  134.20 TYR   219  28
Cen  34.632   2.867  69.070
CA   32.805  18.957  70.527  -73.40  -18.30 CYS  1347 168
Cen  32.909  18.558  70.281
pdb1qft
CA   42.415  12.199  61.866  -64.10  -42.20 LYS  1200 150
Cen  42.634  12.782  60.570
CA   33.442   4.367  69.094  -82.10  -26.30 VAL   251  31
Cen  34.020   4.255  68.817
CA   33.443  18.432  70.199  173.20 -166.40 GLY  1053 132
Cen  33.120  18.377  69.275
pdb1qft
CA   40.280  11.447  63.579 -129.10  157.50 TYR  1057 133
Cen  40.712   9.240  63.811
CA   33.889   4.521  68.644  -64.10  -42.20 LYS  1200 150
Cen  33.390   3.358  67.961
CA   33.233  18.437  68.711  -82.10  -26.30 VAL   251  31
Cen  32.974  17.969  69.081
pdb1qft
CA   41.231  10.952  62.410  173.20 -166.40 GLY  1053 132
Cen  41.674  11.311  63.207
CA   33.478   6.131  68.535 -148.50  158.70 LYS   258  32
Cen  32.010   7.033  68.666
CA   32.754  18.489  70.161  -64.10  -42.20 LYS  1200 150
Cen  33.262  19.724  70.695
pdb1qft
CA   41.777  10.950  64.006  -92.80  152.60 ASN   596  75
Cen  42.622  11.278  63.880
CA   34.246   5.211  68.001  -73.40  -18.30 CYS  1347 168
Cen  34.121   5.608  68.239
CA   32.121  19.142  69.416 -105.20  154.30 PHE   522  66
Cen  30.745  20.177  68.629
pdb1qft
CA   41.516  12.639  62.811  173.20 -166.40 GLY  1053 132
Cen  41.115  11.845  63.223
CA   33.913   4.845  68.110  -79.10  112.20 ILE   894 111
Cen  33.316   4.357  68.254
CA   32.774  18.949  69.516  -67.00  -50.00 GLU  1228 153
Cen  32.495  18.167  71.062
pdb1qft
CA   43.157  12.185  62.708 -140.70  140.40 ASP   955 119
Cen  43.597  12.964  62.245
CA   33.763   5.071  69.307  -67.00  -50.00 GLU  1228 153
Cen  35.069   4.600  70.380
CA   32.234  17.675  69.369  173.20 -166.40 GLY  1053 132
Cen  33.209  17.693  69.466
pdb1qgi
CA   41.922  11.068  63.922 -100.50  109.40 GLU   883 114
Cen  42.992  12.284  63.460
CA   34.760   4.122  69.542 -123.70  158.90 THR   543  66
Cen  35.255   3.530  69.432
CA   33.346  20.785  69.569  -67.90  -50.80 VAL   941 121
Cen  33.602  20.825  68.980
pdb1qh4
CA   41.785  11.663  62.638  -59.40  -44.40 GLU  1959 246
Cen  40.865  11.088  61.431
CA   33.434   5.337  68.428 -155.10  152.10 SER  1003 126
Cen  33.334   5.419  69.249
CA   33.399  18.063  70.107 -132.10  130.30 ILE  1886 236
Cen  32.421  17.880  70.208
pdb1qh4
CA   41.591  11.436  63.936 -152.20  151.30 ARG  1015 128
Cen  43.076  12.975  63.574
CA   35.114   4.843  68.962  -64.50  -39.00 ARG  1993 250
Cen  37.051   5.676  69.715
CA   33.009  19.381  68.882 -126.80  121.70 ARG  1868 234
Cen  34.395  21.029  67.796
pdb1qh4
CA   41.145  11.690  62.731  -64.50  -39.00 ARG  1993 250
Cen  39.155  10.969  61.999
CA   33.627   6.954  68.363 -152.20  151.30 ARG  1015 128
Cen  31.672   6.287  69.024
CA   33.800  17.421  68.446 -111.80  127.00 VAL  1879 235
Cen  34.474  17.324  68.594
pdb1qh4
CA   41.153  12.261  64.264 -129.80  107.00 ARG  2315 290
Cen  40.060  14.525  64.914
CA   34.868   4.206  69.127  -64.50  -36.20 MET  2771 350
Cen  35.969   4.208  69.763
CA   33.638  19.008  68.302 -101.70  106.00 ASP  2640 333
Cen  34.719  18.939  67.953
pdb1qh4
CA   40.752  10.608  63.583  -87.10  110.50 LYS  2360 296
Cen  41.041  10.949  61.737
CA   35.090   4.567  67.505 -101.70  106.00 ASP  2640 333
Cen  34.324   3.769  67.776
CA   32.752  19.726  69.394  -64.50  -39.00 LEU  2821 357
Cen  33.040  19.928  70.557
pdb1qh5
CA   41.761  11.885  63.751  -79.20  123.40 VAL    35   4
Cen  42.246  12.256  63.426
CA   33.670   4.630  69.812 -112.40  157.90 ALA   203  25
Cen  34.144   4.963  69.367
CA   34.097  18.428  69.056  -64.00  -37.30 LYS   270  34
Cen  35.856  18.997  68.748
pdb1qh5
CA   42.639  11.228  63.235 -121.10  130.90 TYR    93  12
Cen  44.824  11.213  63.851
CA   34.341   5.158  68.804  -64.00  -37.30 LYS   270  34
Cen  36.046   4.801  68.115
CA   32.221  18.811  69.295 -112.40  157.90 ALA   203  25
Cen  32.888  18.535  69.406
pdb1qh5
CA   42.260  10.814  63.483 -131.60  121.80 TYR   113  14
Cen  44.115  10.214  62.301
CA   34.659   4.726  68.565  -64.00  -37.30 LYS   270  34
Cen  36.081   3.567  68.182
CA   32.155  18.784  70.173  -99.20  117.00 LYS   352  45
Cen  30.769  19.276  69.389
pdb1qh5
CA   42.606  10.346  62.998 -131.60  121.80 TYR   113  14
Cen  44.661   9.869  62.131
CA   34.632   6.958  68.408  -60.70  -46.10 ALA   301  38
Cen  34.626   7.448  68.622
CA   31.837  17.002  70.074  -99.20  117.00 LYS   352  45
Cen  30.819  18.076  69.307
pdb1qh5
CA   40.290  11.422  63.053  -95.40  126.20 VAL   216  27
Cen  40.034  10.945  63.483
CA   33.926   5.430  68.222  -98.10  175.70 CYS  1295 170
Cen  34.029   5.474  69.037
CA   33.376  18.258  69.497  -71.90  -10.70 ASP   456  57
Cen  32.596  17.321  69.551
pdb1qh5
CA   41.260  11.079  63.786  -78.80  133.70 ARG  1265 167
Cen  42.554   9.412  63.322
CA   35.187   5.318  68.722  -62.60  -40.40 GLU  1655 216
Cen  36.618   5.517  69.396
CA   32.771  17.690  68.958 -121.20  125.70 LEU  1026 135
Cen  33.273  16.691  68.510
pdb1qh5
CA   40.758  11.374  63.110  -62.60  -40.40 GLU  1655 216
Cen  39.404  11.064  62.328
CA   34.360   5.951  68.017  -78.80  133.70 ARG  1265 167
Cen  34.635   4.295  66.657
CA   32.748  17.593  69.321 -108.30  168.40 PHE  1034 136
Cen  31.707  18.999  70.058
pdb1qh8
CA   42.890  10.293  62.899  -92.50  102.30 LEU  5916 287
Cen  43.564   9.634  62.453
CA   33.553   6.045  69.774 -127.80  140.50 SER  5616 247
Cen  33.924   5.747  69.453
CA   32.142  18.764  70.458  -68.30  -33.40 VAL  5518 234
Cen  32.442  18.988  69.764
pdb1qh8
CA   40.927  12.357  63.004  -86.50  135.10 LEU  7309 461
Cen  41.062  11.626  62.024
CA   34.478   4.622  68.207  -61.90  -44.50 THR  7562 491
Cen  34.534   4.931  67.663
CA   32.708  19.416  69.422 -103.30  128.40 LYS  6491 361
Cen  32.931  20.978  70.057
pdb1qh8
CA   40.440  11.335  64.392 -152.70  144.90 LEU  6515 364
Cen  40.429  12.543  65.496
CA   34.715   3.721  67.795  -86.40  107.50 ARG  7325 463
Cen  34.133   1.595  66.707
CA   33.208  20.374  69.092  -63.50  -48.30 ASP  6558 369
Cen  32.651  20.928  69.455
pdb1qhv
CA   41.568  11.192  64.072 -138.90  163.70 SER  1473 189
Cen  42.086  11.613  63.557
CA   33.938   5.180  69.360 -121.30  118.90 VAL   284  36
Cen  34.538   4.974  69.635
CA   32.692  19.220  70.117  -66.10  -17.00 GLY   825 108
Cen  32.913  18.593  69.715
pdb1qhv
CA   42.958  11.398  62.690 -168.30  160.10 SER  1264 164
Cen  42.598  11.952  62.194
CA   33.552   4.676  69.101  -66.10  -17.00 GLY   825 108
Cen  33.840   5.390  69.207
CA   32.770  17.992  70.463 -138.90  163.70 SER  1473 189
Cen  32.301  18.351  69.862
pdb1qjc
CA   42.144  11.786  61.818  -91.30  152.20 GLY   508  66
Cen  42.165  11.426  62.742
CA   33.705   4.916  69.009  -66.10  -37.50 ASN   558  73
Cen  33.791   4.045  68.836
CA   31.711  18.735  69.879 -113.20  150.10 ALA    22   2
Cen  32.320  18.880  69.553
pdb1qjc
CA   42.318  10.997  63.296 -111.00  108.10 LEU   639  83
Cen  43.397  11.599  63.079
CA   33.609   6.079  69.756 -135.70  134.40 HIS   225  28
Cen  34.700   5.065  70.646
CA   32.935  18.083  69.688  -62.50  -35.00 ARG   166  21
Cen  33.208  20.510  69.463
pdb1ql0
CA   42.811   9.925  63.013 -113.30  137.00 ALA   282  38
Cen  43.049  10.211  62.394
CA   34.213   5.052  69.519 -127.60  160.00 TRP  1264 166
Cen  36.615   3.998  68.499
CA   30.961  19.726  70.986  -70.60  -35.70 GLN   934 124
Cen  30.333  20.122  71.814
pdb1ql0
CA   41.256  11.727  62.700 -127.60  160.00 TRP  1264 166
Cen  43.341  13.533  63.255
CA   34.317   5.553  68.381  -65.10  -45.30 LEU   909 121
Cen  35.438   5.963  68.286
CA   33.359  18.289  69.489  -71.40  143.00 HIS   624  84
Cen  32.334  18.211  70.724
pdb1ql0
CA   41.485  11.917  62.848  -65.40  153.60 ASP  1432 186
Cen  40.783  11.690  62.106
CA   33.994   6.325  68.323  -62.20  -34.00 ASP   837 112
Cen  33.673   5.816  67.660
CA   32.394  17.900  69.714  -79.60   98.40 PRO   806 108
Cen  32.731  18.523  69.160
pdb1ql0
CA   41.583  11.292  63.599  -97.70  163.70 PRO  1084 143
Cen  41.399  11.982  62.919
CA   34.162   4.504  69.301 -133.00  148.10 PHE  1402 183
Cen  33.660   2.688  68.917
CA   32.813  18.403  69.292  -63.80  -30.60 LYS  1600 207
Cen  31.555  18.502  70.606
pdb1ql0
CA   40.839  12.104  63.383  -60.30  -44.00 GLU  1574 204
Cen  40.912  13.852  63.380
CA   35.717   3.836  68.191 -117.90  111.70 ILE  1639 212
Cen  35.796   2.862  68.266
CA   33.282  19.641  69.784 -139.40  142.00 TYR  1252 165
Cen  32.462  20.954  71.376
pdb1ql0
CA   40.000  11.760  63.658 -127.60  160.00 TRP  1264 166
Cen  41.419  10.866  65.917
CA   33.603   5.726  68.796  -60.30  -44.00 GLU  1574 204
Cen  33.408   5.809  67.060
CA   32.908  18.062  68.441 -150.70  157.10 ALA  1392 181
Cen  33.613  17.903  68.518
pdb1ql0
CA   42.618  11.783  63.063 -146.10  128.10 LYS  1278 167
Cen  43.862  12.044  61.853
CA   33.880   6.283  68.590  -60.30  -44.00 GLU  1574 204
Cen  35.175   5.111  68.496
CA   32.132  16.900  69.986 -117.90  111.70 ILE  1639 212
Cen  31.385  17.507  70.169
pdb1qlw
CA   42.101  10.461  63.490 -149.50  148.60 SER    97  15
Cen  42.483  10.570  63.043
CA   34.106   5.098  69.504 -123.20  139.00 THR   737  94
Cen  34.567   4.651  69.038
CA   33.174  19.104  69.863  -58.10  -45.40 LYS  1478 191
Cen  34.144  18.231  68.404
pdb1qlw
CA   42.169  12.047  63.370  -69.80  136.80 TYR   331  46
Cen  42.651  14.485  63.427
CA   34.542   3.623  68.711  -57.90  -43.80 LYS  1448 187
Cen  35.975   2.670  68.161
CA   32.633  19.549  68.784 -123.20  139.00 THR   737  94
Cen  33.198  20.086  68.640
pdb1qna
CA   42.294  10.754  63.344 -161.50  138.30 ASN   772 100
Cen  42.687  11.485  64.090
CA   34.433   5.637  68.535  -70.90  -40.60 GLU  1267 163
Cen  35.584   5.175  67.594
CA   32.039  18.420  69.501  -89.90  125.90 THR    51   7
Cen  32.441  18.995  69.679
pdb1qna
CA   41.883  11.308  63.794 -159.40  141.10 ASN    75  10
Cen  41.688  12.438  63.728
CA   35.011   5.388  68.611  -59.70  -39.90 PHE   538  72
Cen  36.383   4.114  68.864
CA   32.708  18.799  68.937 -115.30  134.40 VAL   477  63
Cen  33.317  19.154  68.998
pdb1qna
CA   42.321  10.554  63.483 -159.40  141.10 ASN    75  10
Cen  42.770  11.509  63.935
CA   34.483   6.011  68.320  -59.70  -39.90 PHE   538  72
Cen  34.948   4.409  67.431
CA   31.913  18.390  69.568 -147.70  133.90 LYS   746  97
Cen  32.407  20.156  68.771
pdb1qna
CA   42.119  11.429  63.613 -117.00  127.00 VAL    91  12
Cen  42.317  12.038  63.322
CA   34.989   4.764  68.824  -66.40  -46.00 ALA   572  76
Cen  34.813   5.266  68.895
CA   32.668  19.289  68.941  -73.90  151.00 LYS   460  61
Cen  32.645  20.434  68.072
pdb1qna
CA   42.128  11.096  63.538 -117.00  127.00 VAL    91  12
Cen  42.497  11.690  63.466
CA   34.597   4.611  68.402  -66.40  -46.00 ALA   572  76
Cen  34.716   5.001  68.751
CA   32.614  19.430  69.469   49.20   52.00 ASP   727  95
Cen  32.975  20.256  69.882
pdb1qna
CA   42.174  10.471  63.044 -108.30  109.40 ASN   118  16
Cen  43.277  10.834  63.150
CA   33.806   5.260  69.448 -119.00  113.40 LEU   418  55
Cen  33.776   4.296  68.993
CA   31.868  18.237  69.544  -57.80  -47.80 ILE   630  83
Cen  31.384  17.524  69.844
pdb1qna
CA   40.213  11.740  62.955 -146.90  170.50 THR   399  52
Cen  39.833  11.285  63.425
CA   35.177   4.616  68.522  -67.20  -39.50 LYS   593  79
Cen  36.951   4.310  68.405
CA   33.828  18.581  67.937  -99.90  128.80 ILE   328  44
Cen  34.306  19.405  67.794
pdb1qna
CA   42.318  11.116  63.439 -132.60  130.90 THR   406  53
Cen  42.520  11.723  63.141
CA   34.424   4.807  68.335  -67.20  -39.50 LYS   593  79
Cen  35.206   3.467  67.415
CA   32.091  19.154  69.134  -73.90  151.00 LYS   460  61
Cen  31.336  20.344  68.850
pdb1qna
CA   42.185  11.295  63.523 -161.50  138.30 ASN   772 100
Cen  41.949  12.360  63.761
CA   34.838   5.675  68.940  -70.90  -40.60 GLU  1267 163
Cen  36.369   5.514  68.714
CA   32.811  18.593  69.037 -115.10  136.40 VAL  1200 154
Cen  33.406  18.859  69.220
pdb1qna
CA   42.383  11.587  63.337 -109.50  126.40 VAL  1121 144
Cen  42.575  12.185  63.079
CA   34.338   4.185  68.473  -65.40  -38.70 ASN  1329 170
Cen  34.924   3.713  67.976
CA   32.285  19.463  69.028  -82.90  139.50 LYS  1183 152
Cen  31.682  21.046  68.711
pdb1qnf
CA   41.082  12.806  62.879 -115.50  128.40 ILE    27   4
Cen  41.694  12.331  62.311
CA   34.902   3.582  68.014 -109.40  117.60 LEU   614  72
Cen  33.927   2.909  67.630
CA   33.037  19.905  69.133  -54.70  -34.50 GLN   755  89
Cen  32.088  20.226  70.545
pdb1qnf
CA   42.507  11.253  63.036  -86.30  142.30 HIS    68   8
Cen  43.412  10.207  62.234
CA   33.401   4.638  69.640 -116.00  126.50 VAL  1050 124
Cen  33.987   4.195  69.232
CA   33.269  19.063  69.276  -54.10  -48.90 ARG   929 108
Cen  36.020  18.257  68.094
pdb1qnf
CA   42.295  10.985  63.498  -93.80  153.00 GLY   275  32
Cen  41.773  11.654  63.039
CA   33.973   4.637  69.615 -163.80  161.20 ALA   799  94
Cen  34.432   4.859  69.150
CA   32.847  19.551  69.595  -70.00  -33.20 LEU   697  82
Cen  33.381  20.234  69.002
pdb1qop
CA   41.956  10.809  63.320 -102.40  125.30 THR  2529  58
Cen  42.261  11.430  63.077
CA   35.256   4.769  68.249  -86.90  -28.70 LYS  3746 217
Cen  36.637   5.478  67.292
CA   32.311  19.591  68.979  -90.00  135.40 THR  2618  69
Cen  32.839  19.853  68.592
pdb1qop
CA   42.203  12.704  62.087 -154.20  161.20 ALA  2731  83
Cen  42.305  12.018  61.991
CA   33.779   4.446  69.299  -64.90  -20.90 MET  3654 205
Cen  34.751   4.363  68.566
CA   32.208  19.357  69.368 -101.10  132.80 VAL  4920 372
Cen  32.830  19.697  69.276
pdb1qop
CA   41.869  11.846  62.720  -68.60  -35.40 ALA  3352 167
Cen  41.401  11.867  62.968
CA   35.520   1.894  68.845 -164.30  154.10 TYR  4176 277
Cen  36.729   3.057  67.158
CA   32.237  21.711  70.175 -102.80  137.60 HIS  3475 183
Cen  30.989  21.096  69.090
pdb1qop
CA   41.297  12.380  63.872  -71.40  154.80 CYS  3831 228
Cen  41.246  11.653  63.397
CA   35.359   5.294  68.480  -73.00  -41.90 MET  3887 238
Cen  35.991   5.602  69.473
CA   33.288  19.112  69.471 -115.30  142.50 ASP  4507 321
Cen  33.348  19.150  70.386
pdb1qop
CA   41.920  12.006  62.529 -115.30  142.50 ASP  4507 321
Cen  42.347  11.601  61.824
CA   33.666   5.608  68.164  -71.40  154.80 CYS  3831 228
Cen  33.599   5.286  68.969
CA   32.509  18.624  69.918  -64.10  -32.50 PRO  4108 268
Cen  32.687  18.099  70.250
pdb1qop
CA   42.645  10.558  62.974  -71.40  154.80 CYS  3831 228
Cen  42.773  11.319  62.574
CA   33.825   6.117  69.553 -115.30  142.50 ASP  4507 321
Cen  33.370   5.399  69.205
CA   32.298  18.491  69.507  -64.50  -35.70 GLN  4421 310
Cen  31.432  18.321  68.044
pdb1qq5
CA   40.823  12.239  63.940 -118.70   99.30 VAL  1088 136
Cen  41.430  12.139  63.535
CA   34.938   5.941  67.800  -97.20  -33.30 VAL  1264 158
Cen  35.421   6.400  67.675
CA   32.644  18.780  69.524 -112.40  117.40 VAL    32   4
Cen  33.204  19.228  69.550
pdb1qre
CA   42.544  10.279  62.430  -67.20  -23.30 ASP   679  91
Cen  43.204  10.707  61.942
CA   33.839   6.980  69.027 -137.20  157.60 TYR   756 101
Cen  33.499   5.645  70.815
CA   31.430  18.297  69.780 -151.10  172.50 HIS   573  77
Cen  31.291  19.036  68.335
pdb1qre
CA   41.017  10.730  63.603 -149.10  131.70 PHE  1019 136
Cen  41.421  10.966  65.659
CA   34.529   6.711  68.042 -155.50  151.10 ALA   583  78
Cen  34.186   6.531  68.636
CA   33.269  18.377  69.662  -67.20  -23.30 ASP   679  91
Cen  33.858  18.836  70.208
pdb1qs1
CA   42.227  11.073  63.215 -143.30  142.80 GLU  1355 169
Cen  43.100  11.819  64.559
CA   34.140   5.517  69.646  -63.40  -45.00 TRP   137  16
Cen  33.866   7.603  71.485
CA   32.358  17.727  69.564 -161.50  162.30 GLY  1306 162
Cen  33.319  17.790  69.435
pdb1qs1
CA   42.052  11.385  63.674 -134.60  164.90 CYS  1564 195
Cen  42.061  11.862  63.421
CA   35.020   4.111  68.656  -60.70  -47.50 ALA   891 109
Cen  34.925   4.627  68.641
CA   32.402  19.558  69.083 -156.80  149.20 LYS  1481 184
Cen  32.675  19.867  67.121
pdb1qs1
CA   41.789  12.068  63.807 -134.60  164.90 CYS  1564 195
Cen  41.827  12.563  63.594
CA   34.503   5.127  68.899  -60.70  -47.50 ALA   891 109
Cen  34.467   5.650  68.937
CA   34.649  17.255  69.453 -132.60  127.30 VAL  1490 185
Cen  34.271  16.662  69.567
pdb1qs1
CA   41.901  11.277  62.918  -82.00  124.30 HIS  1456 181
Cen  43.080  10.982  64.202
CA   33.421   4.871  69.420  -82.10  -34.50 GLN   947 116
Cen  32.317   4.858  68.005
CA   32.844  18.989  68.813 -106.10  124.60 GLN  1578 197
Cen  34.087  20.229  69.125
pdb1qs1
CA   41.538  12.478  63.361 -161.00  159.50 ALA  2841 355
Cen  41.113  11.982  63.157
CA   34.002   5.740  67.964 -127.70  149.60 SER  2640 328
Cen  33.629   5.649  68.507
CA   33.303  18.232  70.003  -62.10  -46.60 TRP  1750 219
Cen  35.691  16.985  70.528
pdb1qs1
CA   41.315  10.861  63.664 -178.50 -173.70 GLY  2837 354
Cen  40.923  11.768  63.719
CA   34.494   5.114  68.885  -93.20  133.60 GLU  2933 368
Cen  34.566   4.450  67.258
CA   33.717  18.027  69.861  -92.30  -23.30 ASN  1785 223
Cen  34.470  17.996  70.402
pdb1qs1
CA   40.450  10.377  63.157  -63.80  -23.30 GLU  2368 295
Cen  39.027  10.315  64.163
CA   35.525   3.932  68.984  -90.60  122.50 TRP  2329 290
Cen  35.406   1.726  70.376
CA   33.208  20.722  69.063 -140.70  137.00 LYS  2997 376
Cen  32.949  22.400  68.555
pdb1qs1
CA   43.980  10.230  61.957 -140.70  137.00 LYS  2997 376
Cen  45.574   9.530  61.624
CA   33.037   5.173  68.958  -63.80  -23.30 GLU  2368 295
Cen  33.090   6.286  67.616
CA   30.821  19.052  69.987 -103.30  120.40 VAL  3151 394
Cen  30.980  19.737  69.891
pdb1qs1
CA   42.849  12.137  63.111 -103.30  120.40 VAL  3151 394
Cen  43.144  12.758  62.936
CA   33.868   3.787  70.055  -63.80  -23.30 GLU  2368 295
Cen  34.930   4.944  70.812
CA   32.496  19.041  69.468  -92.90  125.20 HIS  3018 378
Cen  32.401  20.287  68.148
pdb1qs1
CA   42.500  12.735  62.957 -103.30  120.40 VAL  3151 394
Cen  42.229  12.966  62.343
CA   33.815   2.469  69.208  -69.30  -34.30 ASP  2480 309
Cen  34.053   1.669  69.528
CA   32.720  19.985  69.816  -92.90  125.20 HIS  3018 378
Cen  31.425  19.531  68.625
pdb1qst
CA   42.396  12.014  63.388 -119.80  144.40 ASP    10   1
Cen  43.059  12.595  63.327
CA   33.748   4.306  68.815  -65.70  -45.50 ASN   777  94
Cen  33.884   3.504  68.498
CA   32.489  18.642  68.898 -134.60  132.40 SER   402  47
Cen  32.854  19.014  68.672
pdb1qst
CA   41.923  11.301  63.586 -111.00  143.40 ASP    29   3
Cen  42.713  11.482  63.073
CA   34.617   2.734  68.286  -61.90  -41.90 ASP   814  98
Cen  35.733   2.510  68.574
CA   32.203  20.387  69.119  -97.80  148.70 HIS   383  45
Cen  30.923  21.024  68.500
pdb1qst
CA   41.662  11.690  63.180 -111.00  143.40 ASP    29   3
Cen  42.248  11.848  62.437
CA   33.918   3.922  68.522  -61.90  -41.90 ASP   814  98
Cen  34.922   3.371  68.263
CA   34.376  19.269  68.592 -107.30  122.80 CYS   514  62
Cen  33.962  19.702  69.046
pdb1qst
CA   41.410  10.681  63.521 -103.10  106.10 LYS   474  56
Cen  43.225  10.660  63.843
CA   34.455   4.868  68.427  -69.90  -40.50 LYS   124  15
Cen  36.123   4.807  67.416
CA   32.355  18.820  68.759 -102.90  125.40 MET   408  48
Cen  32.746  20.080  68.343
pdb1qst
CA   40.929  11.370  63.895 -111.30  155.40 VAL   416  49
Cen  41.557  11.590  63.502
CA   34.172   5.913  68.285 -149.40  131.30 LEU   647  77
Cen  33.439   6.661  68.995
CA   33.894  18.517  69.298  -59.90  -37.90 ARG   750  91
Cen  36.034  19.886  69.823
pdb1qst
CA   41.817  10.996  63.770  170.60  176.30 GLY   502  60
Cen  41.252  11.566  63.224
CA   34.814   4.216  68.491  -62.70  -36.00 LYS   785  95
Cen  35.847   3.031  68.530
CA   32.339  19.739  69.266 -108.20  133.80 GLU   615  73
Cen  33.033  21.177  68.603
pdb1qst
CA   43.227  11.621  62.574 -107.30  122.80 CYS   514  62
Cen  43.242  12.359  62.432
CA   33.880   5.246  69.326  -65.30  -44.30 HIS   822  99
Cen  35.479   5.887  70.022
CA   32.155  17.712  69.139 -137.90  159.60 PHE   599  71
Cen  32.857  19.864  69.180
pdb1qst
CA   41.862  12.019  63.849 -116.20  138.10 LEU   904 108
Cen  42.443  12.564  63.255
CA   34.277   3.066  68.116  -67.70  -44.90 LYS  1132 135
Cen  35.483   3.042  66.751
CA   32.527  20.499  68.957  -99.50  116.70 THR  1233 147
Cen  32.805  20.871  68.406
pdb1qto
CA   43.018  11.162  62.325 -113.40  115.10 CYS   876 114
Cen  43.420  11.803  62.298
CA   33.778   4.061  68.913  -63.10  -50.60 PHE   150  21
Cen  35.864   4.544  68.710
CA   31.870  18.839  70.176 -131.40  154.80 ARG   357  46
Cen  29.819  20.162  69.616
pdb1qto
CA   42.160  10.538  63.623 -162.30  168.30 GLU   801 104
Cen  43.177  12.013  63.351
CA   35.264   5.361  68.936  -66.70  -42.90 LEU   573  73
Cen  35.710   6.083  69.722
CA   31.936  19.286  69.551 -155.10  165.10 ALA   721  92
Cen  32.623  19.193  69.623
pdb1qto
CA   41.628  11.303  63.956 -162.30  168.30 GLU   801 104
Cen  42.719  12.744  63.826
CA   34.930   5.663  69.048  -66.70  -42.90 LEU   573  73
Cen  35.503   6.211  69.889
CA   34.075  16.988  69.799 -132.90  144.10 MET   726  93
Cen  33.348  15.834  69.275
pdb1qts
CA   42.000  11.594  63.638 -106.30  125.40 GLU  1253 157
Cen  41.926  13.351  63.478
CA   34.895   5.166  69.087  -64.30  -40.80 LEU  1884 238
Cen  35.608   4.997  69.712
CA   32.853  18.927  68.952 -115.80  112.70 ARG  1769 224
Cen  34.900  20.147  67.507
pdb1qts
CA   40.174  11.583  63.369 -119.20  144.60 PHE  1545 195
Cen  40.641   9.806  63.764
CA   34.898   3.529  69.109  -65.90  -42.20 LYS  1406 176
Cen  36.268   2.956  70.123
CA   33.700  19.214  67.985 -126.80  140.90 LEU  1659 211
Cen  33.756  20.221  67.692
pdb1qts
CA   42.220  10.621  63.375 -126.90  115.30 ARG  1803 228
Cen  44.905  10.811  63.125
CA   34.563   5.890  69.411  -66.10  -27.70 THR  1844 233
Cen  34.047   6.135  69.684
CA   32.132  18.569  69.309 -111.00  120.10 GLN  1632 207
Cen  31.520  19.402  69.636
pdb1qts
CA   43.284  12.254  62.345  -76.50  133.90 GLY  1649 209
Cen  42.321  12.101  62.427
CA   33.329   5.591  69.142  -65.70  -41.40 ARG  1873 237
Cen  33.734   3.936  70.864
CA   32.195  17.587  69.224 -125.50  124.10 THR  1788 226
Cen  32.523  18.119  68.892
pdb1qts
CA   43.241  12.641  62.358 -126.80  140.90 LEU  1659 211
Cen  43.485  13.163  61.481
CA   33.427   4.455  69.244  -61.90  -49.60 LEU  1907 241
Cen  34.039   3.671  69.094
CA   32.348  18.435  69.106 -115.80  112.70 ARG  1769 224
Cen  32.254  20.123  66.890
pdb1ra9
CA   42.277  10.567  63.563 -124.40  135.90 LEU   846 109
Cen  43.178  10.328  63.121
CA   33.886   5.431  69.361 -106.20  130.30 ILE   697  90
Cen  34.281   4.503  69.345
CA   32.549  19.285  69.829  -57.80  -45.40 ARG   250  32
Cen  33.293  21.040  68.348
pdb1rie
CA   42.430  11.914  63.350 -112.00  117.20 GLU    38   5
Cen  43.664  12.489  62.505
CA   33.211   5.261  68.920 -100.50  130.30 PHE   217  27
Cen  31.773   3.955  69.110
CA   33.736  18.671  68.784  -81.20  -13.90 ASP    78  10
Cen  33.906  18.701  67.860
pdb1rie
CA   41.760  13.378  63.045  -86.30 -175.70 ASP   766  96
Cen  40.970  13.230  62.056
CA   33.400   2.940  68.561 -123.60  109.10 VAL   228  28
Cen  32.995   2.699  69.088
CA   33.450  20.332  69.782  -59.60  -47.00 LYS   283  34
Cen  35.268  20.846  70.407
pdb1rie
CA   41.605  11.316  62.522  -59.60  -47.00 LYS   283  34
Cen  40.568  12.323  61.155
CA   34.613   5.006  69.457  -88.60  111.50 HIS   246  30
Cen  35.489   3.666  68.718
CA   33.526  18.880  68.871  -86.30 -175.70 ASP   766  96
Cen  34.255  18.933  69.915
pdb1sbp
CA   39.334  11.442  63.910 -136.40  152.00 THR   465  59
Cen  39.635  11.096  64.605
CA   35.453   4.970  68.291  -60.00  -46.20 TYR  1877 241
Cen  37.357   6.352  69.174
CA   32.878  18.514  68.918 -126.70  145.10 THR  1730 221
Cen  33.161  19.075  68.452
pdb1sbp
CA   42.024  12.061  63.839  -78.10  157.00 PRO  2051 261
Cen  42.289  11.646  63.011
CA   34.125   4.082  69.319  -95.90  131.90 ALA  1709 218
Cen  34.612   4.555  69.029
CA   32.831  19.857  69.117  -60.10  152.10 PRO   683  86
Cen  33.605  19.923  69.341
pdb1sbp
CA   41.756  12.445  62.689  -95.90  131.90 ALA  1709 218
Cen  41.233  12.040  63.017
CA   33.352   5.403  68.677  -78.10  157.00 PRO  2051 261
Cen  33.752   4.532  68.770
CA   33.180  18.766  69.563   55.60   33.80 SER   706  89
Cen  33.224  19.082  69.124
pdb1sbp
CA   41.376  10.978  64.051 -113.90  124.90 ILE   756  96
Cen  41.868  11.426  64.362
CA   35.275   5.755  69.085  -67.60  -40.90 GLU  1526 194
Cen  35.424   5.740  70.345
CA   32.718  18.503  68.873 -142.40  138.10 VAL  1467 187
Cen  33.545  18.856  68.818
pdb1sbp
CA   41.891  10.110  63.435 -113.90  124.90 ILE   756  96
Cen  42.603  10.051  63.604
CA   35.005   6.450  68.822  -67.60  -40.90 GLU  1526 194
Cen  35.355   5.714  69.794
CA   31.875  18.060  69.672 -135.70  142.10 GLU  1634 208
Cen  31.945  19.700  69.986
pdb1sml
CA   40.393  11.740  63.110  -60.30  146.50 PRO   149  18
Cen  41.103  11.393  62.895
CA   34.355   5.307  68.735  -66.40  -43.60 ASP   481  63
Cen  34.989   4.846  68.357
CA   33.178  18.142  68.395  -84.90  122.50 GLN   245  30
Cen  34.025  18.070  67.278
pdb1sml
CA   41.280  11.801  62.580 -113.70  154.00 LEU   609  79
Cen  41.520  10.890  62.681
CA   34.358   1.901  68.276 -120.00  113.30 ALA  1347 179
Cen  34.034   2.249  68.828
CA   33.192  21.337  69.306  -82.30   -1.40 ASP   661  86
Cen  32.223  20.595  69.240
pdb1t1d
CA   40.741  10.554  64.382 -145.20  166.80 GLU   355  42
Cen  42.394  10.309  64.133
CA   35.342   3.187  68.903  -81.60  134.80 ARG    11   1
Cen  36.838   1.745  69.366
CA   32.819  20.908  69.752  -84.70  -47.10 LYS   250  31
Cen  32.517  21.756  71.279
pdb1t1d
CA   41.875  11.374  63.106 -145.20  166.80 GLU   355  42
Cen  43.553  11.189  63.065
CA   33.983   3.025  68.623  -97.90  150.60 GLN   115  14
Cen  33.792   1.885  68.482
CA   32.874  19.916  69.803  -84.70  -47.10 LYS   250  31
Cen  32.311  20.308  71.437
pdb1tfe
CA   42.111  11.006  63.396  135.10 -153.70 GLY    27   3
Cen  41.806  11.489  62.596
CA   34.410   5.348  69.109  -61.20  -49.10 LEU   304  37
Cen  35.361   5.570  69.798
CA   32.678  18.115  68.851 -126.00  141.00 LEU   147  18
Cen  32.795  19.077  68.463
pdb1tfe
CA   42.268  11.416  63.533 -101.20  106.80 ILE    39   5
Cen  42.470  12.171  63.471
CA   34.670   5.948  68.821  -64.10  -40.70 LEU   334  41
Cen  35.474   5.500  69.101
CA   32.623  17.929  68.925 -142.30  149.80 GLY   136  16
Cen  33.038  17.709  69.783
pdb1tfe
CA   42.316  11.005  63.726 -126.00  141.00 LEU   147  18
Cen  43.184  11.425  63.326
CA   34.488   5.269  69.328  -65.50  -38.50 ASP   326  40
Cen  33.977   4.863  69.921
CA   32.162  19.193  69.592 -136.00  134.70 VAL  1057 130
Cen  32.614  19.730  69.420
pdb1tfe
CA   42.936  11.214  61.670  -65.50  -38.50 ASP   326  40
Cen  42.796  11.088  60.808
CA   32.974   4.692  69.257 -136.00  134.70 VAL  1057 130
Cen  33.018   4.428  69.928
CA   32.046  19.366  70.773 -102.20  117.70 VAL   818 100
Cen  31.418  19.185  70.436
pdb1tfe
CA   43.409  11.423  62.610  -83.00  150.90 LYS   925 113
Cen  44.795  12.515  62.568
CA   33.489   5.164  68.751  -65.50  -38.50 ASP   326  40
Cen  33.341   4.892  67.925
CA   32.974  19.258  69.418 -136.00  134.70 VAL  1057 130
Cen  32.797  19.677  69.979
pdb1tfe
CA   41.091  10.318  62.791  -83.00  150.90 LYS   925 113
Cen  41.161   8.576  62.517
CA   34.681   4.930  69.262 -102.20  117.70 VAL   818 100
Cen  35.301   4.688  68.948
CA   32.545  19.878  69.989  -66.40  -44.50 MET   347  43
Cen  32.689  20.434  68.653
pdb1tfe
CA   42.395  11.460  63.489  -56.00  -52.50 HIS   359  44
Cen  41.600  10.209  64.634
CA   33.358   6.039  69.195 -102.20  117.70 VAL   818 100
Cen  33.581   5.754  69.836
CA   32.095  17.976  69.824 -171.70  163.30 ARG  1082 133
Cen  31.427  20.901  69.368
pdb1tfe
CA   42.028  11.851  63.175  -59.60  -44.50 LEU   959 117
Cen  42.470  11.508  64.256
CA   34.078   5.047  67.991 -136.00  134.70 VAL  1057 130
Cen  33.551   4.715  68.357
CA   31.796  19.521  69.940 -102.20  117.70 VAL   818 100
Cen  31.739  19.431  69.211
pdb1thf
CA   41.272  11.115  64.328 -127.30  150.50 ARG   114  15
Cen  43.218  10.345  64.434
CA   34.736   3.987  68.173  -63.20  -39.80 GLU   494  63
Cen  36.273   3.408  67.793
CA   32.437  19.374  69.358 -120.40  122.50 VAL   366  47
Cen  32.434  19.796  68.818
pdb1thf
CA   42.029   9.401  63.322 -121.40  150.90 MET  1060 138
Cen  43.303   9.084  63.247
CA   35.718   4.401  68.202  -70.20  -39.30 ASP  1187 154
Cen  36.398   3.926  68.480
CA   32.054  21.094  70.982 -120.70  144.90 ILE   787 101
Cen  31.527  20.317  71.593
pdb1thf
CA   41.275  10.464  63.666 -121.40  150.90 MET  1060 138
Cen  42.505  10.103  63.374
CA   35.240   4.984  68.377  -70.20  -39.30 ASP  1187 154
Cen  35.912   4.433  68.479
CA   32.629  19.358  68.947  -82.60  122.80 ALA   975 127
Cen  33.225  19.118  69.295
pdb1thf
CA   42.171  11.379  63.575 -123.40  130.30 GLU  1040 136
Cen  43.580  12.139  63.263
CA   34.160   4.497  68.375  -62.80  -44.50 GLU  1423 184
Cen  35.213   5.045  67.058
CA   32.267  18.635  69.360  -97.90  125.20 ASP   988 129
Cen  31.828  19.487  69.204
pdb1thf
CA   42.447  10.979  63.536  -71.70  137.90 LEU  1160 151
Cen  43.017  11.724  63.152
CA   34.020   5.674  68.952  -97.90  125.20 ASP   988 129
Cen  34.000   4.737  69.204
CA   32.335  19.761  70.734  -62.80  -44.50 GLU  1423 184
Cen  34.058  19.602  71.119
pdb1thf
CA   41.253  11.117  64.309 -135.50  159.60 ALA   996 130
Cen  40.820  11.575  64.008
CA   34.362   6.267  69.477 -123.40  130.30 GLU  1040 136
Cen  34.637   4.753  70.018
CA   32.652  17.735  69.137  -62.80  -44.50 GLU  1423 184
Cen  32.177  16.042  68.913
pdb1thf
CA   42.324  10.484  61.943  -71.70  137.90 LEU  1160 151
Cen  42.838   9.613  61.996
CA   33.913   5.332  68.424  -64.20  -41.60 PHE  1459 188
Cen  35.616   5.722  67.195
CA   31.692  19.135  70.482 -101.00  103.10 LEU  1298 168
Cen  31.234  19.991  69.708
pdb1thx
CA   42.203  10.740  63.730  -90.30  124.00 THR    52   5
Cen  42.680  11.208  63.537
CA   34.404   3.665  69.174  -94.50  116.80 LEU   217  23
Cen  35.416   3.367  69.707
CA   32.334  21.025  69.677  -68.30  -47.40 THR   608  64
Cen  31.939  20.923  69.223
pdb1thx
CA   42.198  11.542  61.777 -125.30  131.80 VAL   209  22
Cen  42.448  10.872  61.911
CA   34.064   4.079  69.967 -144.60  147.00 ALA   725  76
Cen  34.337   4.045  69.324
CA   32.073  20.269  69.796  -72.90  -33.40 SER   955 100
Cen  32.070  20.179  70.184
pdb1thx
CA   42.709  11.320  62.978  -87.10  126.50 GLN   802  84
Cen  44.316  13.045  62.660
CA   33.720   5.351  68.660  -54.40  -39.50 LYS   647  68
Cen  35.164   5.554  66.248
CA   32.321  18.437  69.027 -124.10  140.70 LEU   731  77
Cen  32.392  19.439  68.982
pdb1thx
CA   42.505  11.797  63.182  -77.80  -40.30 LEU   823  86
Cen  42.967  11.254  63.820
CA   33.599   3.563  69.276  -72.90  -33.40 SER   955 100
Cen  33.411   3.634  68.932
CA   32.503  19.832  68.833 -144.60  147.00 ALA   725  76
Cen  33.020  19.940  69.292
pdb1thx
CA   40.196  11.716  63.468 -164.60  168.60 ASP   832  87
Cen  39.418  11.257  63.587
CA   34.041   3.244  68.914  -72.90  -33.40 SER   955 100
Cen  33.901   3.310  68.547
CA   33.559  19.519  67.919 -144.60  147.00 ALA   725  76
Cen  34.017  19.625  68.438
pdb1thx
CA   41.075  11.365  62.827  -77.80  -40.30 LEU   823  86
Cen  40.551  11.882  62.216
CA   33.793   5.657  68.379 -124.10  140.70 LEU   731  77
Cen  33.312   6.473  68.718
CA   32.572  19.279  69.851  -72.90  -33.40 SER   955 100
Cen  32.860  19.223  70.120
pdb1tif
CA   41.728  10.620  62.189 -107.10  156.60 ASP   428  41
Cen  42.262   9.873  62.045
CA   34.348   4.883  68.608  -73.40  -21.20 GLN    77   7
Cen  35.915   3.297  68.232
CA   31.788  19.078  70.309  -70.50  153.90 SER   285  27
Cen  31.892  19.106  69.432
pdb1tif
CA   41.798  11.016  62.911 -107.10  156.60 ASP   428  41
Cen  42.533  10.790  63.434
CA   34.622   4.955  69.264  -73.40  -21.20 GLN    77   7
Cen  36.539   4.722  70.439
CA   32.920  18.989  69.065  -95.90  130.30 VAL   528  53
Cen  33.430  19.335  69.358
pdb1tif
CA   41.986   9.021  62.821 -133.60  147.90 GLU   138  12
Cen  42.964   7.819  62.978
CA   35.033   6.525  68.351  -66.80  -37.40 GLU   318  30
Cen  36.131   5.987  69.605
CA   30.983  18.590  69.951 -107.10  156.60 ASP   428  41
Cen  30.672  19.465  69.900
pdb1tif
CA   40.621  10.778  63.704 -121.60  138.50 ARG   543  55
Cen  42.372   8.863  63.791
CA   35.400   4.152  67.940  -83.10  101.90 GLN   237  22
Cen  36.116   3.052  66.652
CA   32.852  19.999  68.942  -66.80  -45.30 GLU   343  33
Cen  31.313  20.105  69.111
pdb1tif
CA   40.988  10.371  63.783 -121.60  138.50 ARG   543  55
Cen  42.899   9.019  64.906
CA   35.828   3.704  68.029  -83.10  101.90 GLN   237  22
Cen  37.116   2.572  67.367
CA   32.384  20.549  69.206  -65.70  -24.00 ARG   374  37
Cen  30.103  18.955  70.163
pdb1tvx
CA   42.113  11.303  63.801 -154.60  160.30 SER   141  18
Cen  41.891  11.950  63.373
CA   34.020   4.724  68.150  -61.60  -39.60 ILE   422  55
Cen  33.871   5.152  67.368
CA   32.310  19.627  68.985 -117.90  135.20 GLU   243  32
Cen  32.433  21.049  68.334
pdb1ubi
CA   42.065   9.511  63.591 -116.90  122.30 THR   517  65
Cen  42.721   9.540  63.362
CA   35.073   5.849  69.098  -93.10  132.60 GLN    10   1
Cen  36.398   4.790  69.532
CA   31.082  19.929  70.361  -70.90  -37.90 ASN   189  24
Cen  30.718  18.820  70.784
pdb1ubi
CA   41.255  10.309  63.520 -112.80  128.10 THR    89  11
Cen  41.859  10.343  63.825
CA   35.394   4.927  68.301 -104.80  129.20 HIS   532  67
Cen  36.181   3.591  68.384
CA   32.928  19.316  70.425  -63.90  -42.30 LYS   218  28
Cen  33.988  19.368  71.768
pdb1ubi
CA   42.203  11.724  63.213 -128.40  107.60 ARG   322  41
Cen  43.921  13.992  63.042
CA   34.214   3.198  69.608  -70.90  -37.90 ASN   189  24
Cen  33.038   3.384  69.962
CA   32.620  19.689  68.899 -116.90  122.30 THR   517  65
Cen  32.911  20.215  68.548
pdb1ubi
CA   41.403   9.861  63.858 -103.40  166.00 THR   427  54
Cen  42.058  10.161  63.710
CA   35.814   4.228  68.078  -70.90  -37.90 ASN   189  24
Cen  36.319   4.454  69.190
CA   32.323  20.237  70.632 -116.90  122.30 THR   517  65
Cen  31.837  20.692  70.430
pdb1ugi
CA   42.912   9.859  62.940  -75.80  136.70 MET   654  81
Cen  43.543   9.333  62.857
CA   33.901   5.929  69.394 -118.90  112.60 MET   440  54
Cen  34.159   4.648  68.919
CA   31.645  18.982  70.712  -63.60  -37.50 ASP    31   4
Cen  31.676  19.816  71.003
pdb1ugi
CA   42.027  11.499  63.596 -159.10  158.60 ALA   548  67
Cen  41.363  11.663  63.447
CA   34.899   4.671  67.986  -66.90  -40.90 ILE    39   5
Cen  35.400   4.961  67.228
CA   32.363  19.513  69.116  -98.80  133.50 ASN   418  52
Cen  32.046  20.596  68.748
pdb1ugi
CA   42.191  10.651  63.630  -89.40  140.80 LEU   166  21
Cen  43.108  11.437  63.783
CA   34.164   4.091  69.240  -93.20  121.70 LEU   448  55
Cen  35.092   3.351  69.545
CA   33.079  20.345  69.563  -59.40  -38.60 GLU   231  29
Cen  32.312  21.168  68.895
pdb1ugi
CA   40.919  12.572  63.875 -124.10  119.10 LYS   645  80
Cen  41.237  14.448  63.241
CA   33.859   3.228  68.495  -75.70  -46.00 VAL   240  30
Cen  33.740   3.679  68.070
CA   33.679  19.563  67.774  -61.80  132.20 PRO   527  65
Cen  34.108  20.310  67.982
pdb1uro
CA   41.962  11.546  63.072 -108.10  121.00 LEU  1129 141
Cen  42.508  12.303  62.314
CA   34.338   3.889  68.975  -51.30  -46.10 THR    66   8
Cen  34.546   3.767  69.499
CA   33.886  19.212  68.481 -118.00  134.50 MET  1953 248
Cen  33.526  20.283  68.022
pdb1uro
CA   41.556  11.699  63.308 -147.10  132.60 TYR  2532 323
Cen  41.403  11.068  60.891
CA   34.957   4.516  68.256  -51.30  -46.10 THR    66   8
Cen  35.197   4.472  67.734
CA   32.100  19.492  69.929 -118.00  134.50 MET  1953 248
Cen  31.836  20.491  70.576
pdb1ute
CA   42.443  11.047  63.460 -124.70  129.10 LEU    31   4
Cen  42.880  12.092  63.681
CA   33.793   6.042  68.566 -104.80  -21.50 LEU   297  39
Cen  33.242   6.680  67.983
CA   32.252  18.850  69.094 -115.00  141.50 ALA  2138 271
Cen  32.884  18.639  69.335
pdb1ute
CA   42.603  10.263  63.290  -87.30  114.20 MET  1057 132
Cen  43.579   9.852  63.369
CA   34.178   3.726  69.438 -161.70  156.40 ALA  1689 213
Cen  34.711   3.914  69.032
CA   32.265  21.266  70.358  -57.30  -38.20 CYS  1564 197
Cen  32.647  20.915  69.812
pdb1ute
CA   42.547  10.392  63.095  -87.30  114.20 MET  1057 132
Cen  43.390   9.785  62.876
CA   33.965   4.446  69.616 -161.70  156.40 ALA  1689 213
Cen  34.450   4.611  69.145
CA   32.390  20.152  70.188  -96.60  -36.60 GLN  1594 201
Cen  33.451  21.277  69.720
pdb1vcc
CA   41.401  10.254  62.729  -72.00  130.50 LEU   467  56
Cen  41.323   9.271  63.380
CA   35.007   4.814  69.175 -117.30  129.20 VAL   353  43
Cen  35.664   4.728  68.866
CA   32.827  19.837  70.259  -67.60  -41.20 GLU   232  28
Cen  33.915  21.057  69.671
pdb1vhh
CA   42.530  12.852  62.887  -71.10  139.80 PRO   407  40
Cen  42.733  12.702  62.073
CA   33.940   4.095  69.639  -67.80  -39.40 LYS   680  67
Cen  34.488   1.921  69.602
CA   32.911  19.264  69.057  -92.80  129.00 ILE   475  47
Cen  32.462  19.635  69.493
pdb1vhh
CA   41.882  12.123  63.099 -148.40  146.00 ALA  1077 107
Cen  41.311  11.726  63.188
CA   34.210   4.660  68.479  -59.30  -32.40 ALA   563  56
Cen  34.400   5.113  68.313
CA   32.615  18.618  70.077 -135.70  130.80 ARG   849  85
Cen  30.137  18.528  68.009
pdb1vhh
CA   40.678  12.317  64.698  -72.40  144.70 LEU   840  84
Cen  40.887  13.274  65.322
CA   34.266   4.039  68.551  -90.10  -12.20 LYS  1195 119
Cen  35.394   3.361  66.078
CA   33.383  18.295  69.455 -108.40  126.00 ASP  1091 109
Cen  32.712  18.905  69.356
pdb1vhh
CA   41.941  10.501  63.782 -174.40  164.80 HIS  1422 142
Cen  42.450  12.409  63.383
CA   35.284   5.860  68.516  -62.40  -43.70 LEU  1236 123
Cen  36.282   6.522  68.791
CA   32.174  18.814  69.415 -154.50  131.30 TRP  1333 134
Cen  32.998  19.819  66.981
pdb1vie
CA   42.158  10.872  63.380  -96.70  121.90 ARG    70  10
Cen  44.580  12.009  64.091
CA   33.751   6.133  69.749 -102.40  137.90 ALA   286  37
Cen  34.154   6.002  69.153
CA   32.411  17.808  69.876  -80.80  -13.00 ALA   409  54
Cen  32.898  17.534  69.812
pdb1vie
CA   41.213  10.448  63.858 -131.40  158.00 GLY   270  35
Cen  41.049  11.280  63.357
CA   35.319   5.116  68.661  -80.80  -13.00 ALA   409  54
Cen  35.077   5.589  68.846
CA   32.266  19.023  69.322 -101.10  147.60 GLN   164  22
Cen  32.900  20.356  70.182
pdb1vns
CA   41.937  11.245  62.930  -68.50   -8.50 GLU  3401 438
Cen  43.433  11.621  63.371
CA   35.576   4.133  68.907  -71.60  136.80 VAL  3607 464
Cen  35.554   3.628  68.442
CA   33.180  20.537  68.855  -73.10  121.50 ALA  2940 379
Cen  33.184  20.324  69.587
pdb1vsr
CA   41.186  12.484  64.363  -93.50  148.10 ARG   728  87
Cen  42.151  14.141  62.863
CA   34.273   3.398  68.317  -59.30  -45.70 ASP   643  77
Cen  33.733   3.060  67.702
CA   34.352  20.049  69.108  -70.80  157.00 LEU  1077 131
Cen  34.976  20.541  69.620
pdb1vsr
CA   41.916  10.207  63.380  119.70 -155.20 GLY  1055 128
Cen  41.514  11.064  63.147
CA   34.788   3.803  68.495  -67.50  -37.80 GLU   907 109
Cen  35.788   2.664  68.767
CA   31.805  20.513  69.646 -123.30  131.90 VAL   739  88
Cen  32.248  20.960  69.268
pdb1vsr
CA   42.907  10.598  62.225  119.70 -155.20 GLY  1055 128
Cen  42.569  11.512  62.248
CA   34.129   5.229  69.153  -65.50  -41.60 GLU   944 113
Cen  35.757   5.326  69.869
CA   31.818  18.823  69.781 -123.30  131.90 VAL   739  88
Cen  32.334  19.336  69.683
pdb1yge
CA   42.235  12.224  62.766  -71.40  -17.80 ALA   247  33
Cen  41.698  12.328  62.633
CA   32.963   4.879  69.279 -102.70  137.50 ALA   573  79
Cen  33.606   5.022  69.564
CA   33.705  18.335  68.378 -101.60  154.20 PHE   454  62
Cen  34.226  19.889  67.534
pdb1yge
CA   42.953  10.541  63.189  -72.50  148.00 LEU   322  43
Cen  43.860  10.512  62.918
CA   34.080   5.144  69.415  -62.10  127.00 ARG  1076 140
Cen  34.299   4.109  70.925
CA   31.979  19.864  69.795  -67.80  -43.20 SER  1229 159
Cen  31.709  19.436  69.529
pdb1yge
CA   42.847   9.921  62.198  -92.20   97.80 GLU   626  85
Cen  43.465  10.045  63.931
CA   34.617   6.066  68.872  -66.00  -20.30 SER   661  89
Cen  35.071   6.509  69.088
CA   31.548  17.847  69.921  -53.70  145.80 GLY   406  55
Cen  32.337  18.331  70.170
pdb1yge
CA   41.339  10.167  63.015 -159.80  150.10 PHE   703  96
Cen  42.935  10.731  61.469
CA   34.152   6.039  69.436  -69.30  144.40 LYS   410  56
Cen  32.988   4.611  69.517
CA   32.051  18.019  70.138  -67.80  -43.20 SER  1229 159
Cen  32.536  17.955  70.432
pdb1yge
CA   42.016  12.298  63.843 -107.70  133.10 VAL   419  57
Cen  42.178  12.571  63.238
CA   33.680   4.991  68.932  -66.00  -20.30 SER   661  89
Cen  33.846   5.277  68.349
CA   34.187  18.696  68.880 -107.10  146.30 PHE   615  84
Cen  35.884  19.132  69.662
pdb1yge
CA   41.023  12.131  64.599  -70.20  133.30 PRO   687  93
Cen  41.411  12.523  63.851
CA   34.966   4.663  68.629  -64.20  -24.70 PRO  1207 156
Cen  35.137   4.803  68.133
CA   33.394  19.036  68.986 -129.60  145.30 PHE  1095 142
Cen  33.561  20.775  69.630
pdb1yge
CA   42.470  11.562  62.441 -126.40    3.90 GLY   694  94
Cen  41.844  11.939  62.710
CA   34.129   4.255  69.591  -67.80  -43.20 SER  1229 159
Cen  33.994   4.638  69.992
CA   32.341  19.020  69.397  -62.10  127.00 ARG  1076 140
Cen  31.296  19.901  68.160
pdb1yge
CA   41.227  11.482  63.991   42.00   64.40 ASN   963 127
Cen  42.111  11.932  63.983
CA   34.700   5.305  69.157 -132.80  162.70 PHE   796 106
Cen  34.354   4.575  67.048
CA   33.054  17.411  68.955  -37.40  -53.50 ARG  1889 241
Cen  33.628  15.585  70.291
pdb1yge
CA   41.425  11.889  63.765 -121.10  135.40 VAL  3662 466
Cen  41.497  12.549  63.736
CA   34.820   5.291  68.386  -85.90  -11.10 SER  3033 386
Cen  34.890   5.940  68.059
CA   33.666  18.197  68.103  -76.30  134.60 PRO  3511 444
Cen  34.301  18.417  68.844
pdb1yge
CA   41.364  10.463  64.388  -93.70  107.40 ALA  3390 429
Cen  40.911  10.702  63.801
CA   35.524   4.862  67.333  -61.60  -38.10 TYR  3797 484
Cen  35.774   3.539  65.516
CA   32.450  19.585  68.918 -153.70  148.00 MET  3183 405
Cen  33.912  20.368  68.588
pdb1yge
CA   42.526  11.453  62.257 -141.40  125.30 ARG  3402 431
Cen  44.924  11.182  62.879
CA   33.271   3.491  69.347 -134.10  134.70 LYS  3502 443
Cen  34.094   3.490  71.308
CA   32.896  20.999  69.883  -62.10  -42.10 ILE  3740 477
Cen  33.625  21.256  70.349
pdb1yge
CA   42.332  10.325  62.476 -141.40  125.30 ARG  3402 431
Cen  44.371   9.323  63.499
CA   34.404   5.603  68.384 -119.10  -11.20 VAL  3518 445
Cen  34.855   5.102  68.547
CA   32.542  19.421  70.443  -62.10  -42.10 ILE  3740 477
Cen  33.136  19.355  71.120
pdb1zin
CA   41.309  12.493  62.573 -167.00  163.60 PHE   596  80
Cen  41.560  10.380  61.889
CA   34.738   3.847  67.969 -116.30  105.30 VAL   824 109
Cen  34.369   3.232  67.969
CA   32.779  20.209  69.408  -69.80  -40.10 LYS   124  18
Cen  31.377  20.281  70.345
pdb2acy
CA   42.006  11.674  63.834 -145.40  156.00 GLN   382  49
Cen  42.616  13.099  63.273
CA   34.143   5.439  68.129  -63.30  -39.10 MET   467  60
Cen  34.930   5.369  67.037
CA   32.254  18.997  69.017  -89.50  130.80 LEU    35   5
Cen  32.054  19.616  68.214
pdb2acy
CA   41.459  10.436  63.706  -89.50  130.80 LEU    35   5
Cen  42.472  10.556  63.877
CA   35.522   6.142  68.618  -59.40  -42.80 VAL   439  57
Cen  35.333   6.738  68.574
CA   32.865  19.363  69.671   50.90   42.80 ASN   641  81
Cen  33.205  19.805  70.510
pdb2acy
CA   42.548  12.025  62.747  -89.50  130.80 LEU    35   5
Cen  43.544  12.185  62.977
CA   34.168   3.738  69.766  -63.30  -39.10 MET   467  60
Cen  34.504   4.059  71.031
CA   33.159  19.536  69.423   50.90   42.80 ASN   641  81
Cen  33.439  19.884  70.326
pdb2ahj
CA   42.134  10.913  63.509  -85.60  128.20 ARG  2524 127
Cen  44.442  11.467  63.795
CA   33.740   5.986  69.640  -84.40  111.60 HIS  2954 180
Cen  32.715   4.692  69.680
CA   32.404  17.894  69.951  -89.00   -3.40 TYR  3146 206
Cen  31.085  17.247  71.743
pdb2ahj
CA   42.257  11.822  62.430  -58.20  -18.90 TYR  2667 144
Cen  40.574   9.848  62.222
CA   33.064   5.309  69.076  -95.50   98.80 ASP  3106 201
Cen  33.023   4.457  69.925
CA   33.373  18.436  68.546 -113.10  142.90 ARG  2542 129
Cen  34.618  20.213  68.065
pdb2ahj
CA   41.501  10.752  64.128  -90.70  130.60 LYS  2971 182
Cen  43.287  11.181  63.434
CA   35.495   5.771  68.425  -95.50   98.80 ASP  3106 201
Cen  35.083   4.727  68.858
CA   33.115  18.512  70.190  -58.20  -18.90 TYR  2667 144
Cen  34.777  16.618  70.839
pdb2ahj
CA   41.155  10.528  63.960 -118.50  168.00 THR  2935 178
Cen  41.821  10.920  63.972
CA   35.273   5.191  68.730  -89.00   -3.40 TYR  3146 206
Cen  37.464   4.801  69.376
CA   32.339  18.818  69.316 -117.70  132.30 THR  2722 151
Cen  32.599  19.467  69.360
pdb2arc
CA   41.029  11.658  62.263 -138.90  140.80 HIS   709  86
Cen  41.781   9.823  62.689
CA   35.063   4.484  69.472 -131.40  127.30 ILE   318  39
Cen  35.810   4.221  68.947
CA   32.338  19.863  69.557  -61.10  -43.80 LEU  1072 126
Cen  31.567  19.288  70.128
pdb2arc
CA   42.350  10.438  62.676  -95.80  130.60 TYR   749  90
Cen  44.768  10.073  62.607
CA   33.738   5.398  69.513 -114.20  147.30 LEU   527  65
Cen  33.619   4.550  68.945
CA   32.257  18.077  69.142  -59.20  -44.90 LEU  1270 152
Cen  32.235  16.852  69.008
pdb2bdp
CA   42.473  12.359  63.435 -151.80  135.70 LYS   136  18
Cen  43.829  13.544  63.465
CA   33.140   3.292  69.500  -64.50  -39.20 ALA   480  62
Cen  33.540   3.544  69.221
CA   32.821  19.747  68.850 -132.80  141.20 ALA   295  39
Cen  33.445  19.459  69.066
pdb2bdp
CA   42.018  11.733  63.606 -138.10  140.90 ILE   287  38
Cen  42.274  12.631  63.354
CA   34.817   5.779  68.850  -66.90  -45.50 LYS  1182 153
Cen  36.478   5.409  69.230
CA   32.734  17.947  68.852 -163.10  157.50 ALA   145  19
Cen  33.256  17.873  69.314
pdb2bdp
CA   42.514  12.101  63.295  -91.20  130.00 ALA   150  20
Cen  41.789  12.306  63.091
CA   33.781   3.639  68.382  -64.60  -40.20 TRP   485  63
Cen  35.272   5.480  66.868
CA   32.407  20.219  68.893  172.80  168.90 GLY   283  37
Cen  33.160  19.710  69.281
pdb2bdp
CA   40.502  11.325  63.014  172.80  168.90 GLY   283  37
Cen  40.493  12.026  63.709
CA   34.760   5.222  68.861  -64.10  -45.30 HIS  1146 149
Cen  35.925   5.654  70.248
CA   33.577  17.917  68.167 -125.30  136.00 LEU   155  21
Cen  34.613  18.528  67.894
pdb2bdp
CA   40.231  11.953  62.922  172.80  168.90 GLY   283  37
Cen  40.904  11.972  63.644
CA   34.094   6.065  68.587  -64.10  -45.30 HIS  1146 149
Cen  35.607   5.038  68.942
CA   33.010  17.720  68.745 -132.80  147.80 PHE   356  47
Cen  33.033  19.445  69.660
pdb2bdp
CA   41.482  10.056  63.813 -110.90  164.20 TRP  2771 350
Cen  43.107   8.777  65.524
CA   35.255   5.918  68.482 -103.30   -5.00 GLU  4348 543
Cen  36.646   5.597  69.351
CA   32.044  18.717  69.396 -154.80  160.60 HIS  4570 570
Cen  31.649  20.248  69.871
pdb2bdp
CA   42.971  13.139  62.683  -93.30  131.80 ILE  2793 352
Cen  42.996  13.819  62.436
CA   33.616   3.811  69.774  -69.70  -55.10 LEU  4410 550
Cen  34.297   4.015  70.742
CA   32.810  18.290  68.789 -142.60  150.70 GLU  4276 534
Cen  33.684  19.521  67.735
pdb2bdp
CA   42.261  11.037  63.668 -142.60  150.70 GLU  4276 534
Cen  42.864  12.343  62.517
CA   35.195   5.381  68.605  -61.30  -39.20 ALA  4079 510
Cen  35.007   5.890  68.560
CA   32.108  18.336  70.042 -147.90  156.90 HIS  4208 526
Cen  31.837  20.121  69.232
pdb2bop
CA   42.437  11.240  63.429 -135.00  151.10 GLN   399  49
Cen  43.561  11.874  63.351
CA   35.029   5.338  68.888  -59.00  -47.10 TYR   107  15
Cen  36.304   6.901  70.355
CA   32.080  18.927  69.440 -135.70  169.80 ASN   248  29
Cen  31.912  19.651  69.114
pdb2bop
CA   41.979  11.933  63.749 -135.00  151.10 GLN   399  49
Cen  43.145  12.482  63.642
CA   34.670   5.713  68.982  -59.00  -47.10 TYR   107  15
Cen  36.245   6.875  70.528
CA   34.355  16.681  69.628 -145.50  156.30 CYS   256  30
Cen  33.883  16.381  69.194
pdb2bop
CA   40.629  10.654  62.887 -103.90  157.70 THR   432  53
Cen  41.369  10.467  62.904
CA   36.104   3.628  67.686  -49.70  -40.90 GLN   473  59
Cen  37.696   4.203  67.640
CA   31.618  21.469  70.057 -131.60  152.30 ASN   596  74
Cen  31.197  21.469  69.186
pdb2bop
CA   41.971  11.712  61.912 -103.90  157.70 THR   432  53
Cen  42.714  11.551  61.984
CA   34.530   3.623  68.567  -59.60  -49.40 ASP   502  62
Cen  35.306   3.382  69.369
CA   31.541  20.375  70.019 -131.60  152.30 ASN   596  74
Cen  31.227  20.553  69.122
pdb2ctc
CA   42.112  11.270  63.273 -108.10  113.80 ILE   380  46
Cen  42.996  11.678  63.139
CA   34.482   4.358  69.510  -70.00  -40.00 ILE   143  17
Cen  35.339   4.468  69.813
CA   32.601  19.309  68.997 -134.30  149.40 SER   276  33
Cen  33.224  19.534  69.161
pdb2ctc
CA   42.827  10.002  63.264 -105.60  120.60 LYS   282  34
Cen  44.473  10.975  63.142
CA   34.275   4.255  69.299 -120.60  129.00 ILE   846 104
Cen  34.853   3.493  69.501
CA   31.965  21.095  70.574  -61.10  -44.10 ASP  1429 180
Cen  32.349  21.864  70.365
pdb2ctc
CA   42.717  10.934  61.496 -106.40  112.80 GLN   299  36
Cen  43.423   9.673  60.642
CA   34.338   4.813  68.525  -61.10  -44.10 ASP  1429 180
Cen  34.714   4.111  68.140
CA   31.083  19.959  70.713 -119.00  129.40 ILE   493  61
Cen  31.160  20.897  70.492
pdb2ctc
CA   41.833  11.125  64.076  -67.50  148.20 PRO   373  45
Cen  41.844  11.672  63.280
CA   35.249   3.301  68.447  -61.00  -29.00 VAL  1376 173
Cen  35.793   3.762  68.105
CA   32.275  20.712  69.644 -121.10  119.70 LEU   865 106
Cen  32.348  21.411  68.605
pdb2ctc
CA   43.386  11.548  62.595 -113.60  143.20 TYR   388  47
Cen  45.609  11.329  62.015
CA   33.624   3.971  69.163  -61.10  -44.10 ASP  1429 180
Cen  34.020   3.208  68.953
CA   31.817  19.496  69.858 -119.00  129.40 ILE   493  61
Cen  32.095  20.404  69.676
pdb2ctc
CA   42.453  12.398  63.343 -113.60  143.20 TYR   388  47
Cen  44.721  12.727  63.075
CA   34.003   2.845  69.102  -61.10  -44.10 ASP  1429 180
Cen  34.601   2.200  69.000
CA   32.548  19.828  68.985 -120.60  129.00 ILE   846 104
Cen  32.672  20.653  68.477
pdb2ctc
CA   42.568  11.893  63.291 -110.80  113.60 SER  2106 265
Cen  42.501  12.184  62.818
CA   33.369   4.406  69.507  -60.30  -45.80 THR  2370 298
Cen  33.059   4.760  69.114
CA   32.563  19.764  68.930 -133.60  151.90 LEU  1595 200
Cen  32.926  20.662  68.661
pdb2fcb
CA   43.241   9.244  62.100  -63.40  -17.20 ASN   483  60
Cen  44.089   9.598  62.340
CA   34.572   4.921  68.004  -91.30  140.60 GLU   509  64
Cen  34.243   4.036  69.403
CA   30.312  20.651  70.548 -109.80  128.40 SER   413  52
Cen  30.544  21.181  70.526
pdb2fcb
CA   42.089  11.117  62.745  -64.90  -15.60 SER  1150 143
Cen  41.997  11.562  63.296
CA   34.182   4.584  68.223  -91.60  119.40 ASP  1176 147
Cen  34.442   3.667  68.293
CA   31.919  19.402  69.232 -129.20  141.60 SER  1097 136
Cen  32.444  20.034  69.416
pdb2igd
CA   42.345  11.942  63.352  -88.80  123.50 THR    50   6
Cen  42.355  12.636  63.320
CA   34.511   4.724  69.282  -63.10  -43.70 ALA   270  33
Cen  34.228   5.179  69.308
CA   32.905  18.533  68.726 -140.40  149.80 GLU   154  19
Cen  33.708  19.933  67.371
pdb2igd
CA   41.392  12.338  64.198 -142.80  174.60 THR   168  20
Cen  40.835  12.754  64.443
CA   35.167   5.836  69.261  -88.80  123.50 THR    50   6
Cen  35.602   5.472  68.859
CA   33.600  17.915  69.763  -63.10  -43.70 ALA   270  33
Cen  33.876  17.895  69.304
pdb2igd
CA   40.277  11.654  63.006 -107.00  147.70 TYR    57   7
Cen  40.698   9.658  62.104
CA   35.337   4.677  68.745  -63.10  -43.70 ALA   270  33
Cen  35.054   5.131  68.731
CA   33.848  18.487  67.958 -140.40  149.80 GLU   154  19
Cen  34.834  19.884  66.726
pdb2igd
CA   41.546  10.932  64.104 -125.10  129.40 THR   453  55
Cen  41.789  11.562  63.955
CA   35.510   4.191  68.069  -61.30  -43.10 ALA   242  30
Cen  35.338   4.683  68.154
CA   32.259  20.015  69.269 -110.80  151.00 VAL   372  46
Cen  32.661  20.584  69.054
pdb2igd
CA   42.506  11.766  63.258 -125.10  129.40 THR   453  55
Cen  42.754  12.408  63.314
CA   33.926   3.765  68.986  -63.10  -43.70 ALA   270  33
Cen  34.176   4.172  69.230
CA   32.340  19.369  69.109 -110.80  151.00 VAL   372  46
Cen  32.756  19.968  69.111
pdb2nac
CA   43.887  11.551  62.291 -144.50  166.00 HIS   225  28
Cen  44.967  11.785  60.754
CA   33.479   4.775  69.282  -62.50  -44.90 ALA  2663 341
Cen  33.814   5.220  69.247
CA   30.833  18.950  70.468 -145.40  163.40 GLU  1072 140
Cen  30.819  19.777  68.902
pdb2nac
CA   41.785  11.980  62.335 -107.40  136.60 THR   524  68
Cen  41.646  11.295  62.114
CA   34.416   4.423  67.983 -126.20  130.50 VAL   706  92
Cen  33.991   3.906  68.180
CA   32.657  19.727  69.292   62.40   29.50 GLY   435  57
Cen  33.366  19.351  69.467
pdb2pth
CA   41.961  10.882  62.504 -140.70  132.00 LEU    26   3
Cen  43.111  10.959  62.106
CA   33.672   5.378  68.353 -110.50  120.80 THR   403  51
Cen  33.172   5.134  68.779
CA   33.594  18.603  69.725  -54.60  -43.70 TRP  1363 174
Cen  35.726  19.051  67.763
pdb2pth
CA   41.860  12.767  63.345  -78.70  136.20 TYR   360  46
Cen  42.931  12.949  61.293
CA   34.225   4.621  68.847  -61.40  -45.60 ALA   581  75
Cen  34.292   5.102  69.082
CA   34.672  17.513  69.420 -103.20  146.80 ARG   450  58
Cen  35.218  16.398  71.470
pdb2pth
CA   43.213  11.610  62.388 -143.70  151.80 LYS   796 102
Cen  44.874  11.691  62.279
CA   33.582   3.573  69.143  -61.80  -35.40 MET  1355 173
Cen  34.965   3.045  69.371
CA   31.971  19.600  69.396 -116.00  136.90 ILE   684  87
Cen  32.130  20.581  69.182
pdb2rmc
CA   42.130  10.344  63.687  172.60 -168.60 GLY  1544 166
Cen  41.206  10.658  63.486
CA   34.254   6.162  68.127  -61.70  -41.50 PHE   358  39
Cen  33.763   6.797  66.166
CA   32.030  18.783  70.159 -107.60  -18.30 THR    44   6
Cen  32.020  18.298  70.584
pdb2rmc
CA   41.576  10.708  62.758  -63.90  -31.80 SER  1342 144
Cen  41.218  10.719  62.734
CA   33.609   4.991  68.887 -108.40  138.10 ARG   199  22
Cen  31.437   3.279  70.599
CA   32.457  19.165  68.813 -117.90  168.10 ILE   500  55
Cen  32.624  20.247  68.579
pdb2rmc
CA   40.691  11.673  64.430  -63.90  -31.80 SER  1342 144
Cen  40.507  11.431  64.239
CA   34.321   2.719  68.032 -108.40  138.10 ARG   199  22
Cen  32.620   0.172  69.127
CA   33.604  20.082  69.806 -170.40  167.10 MET   602  64
Cen  32.637  20.781  68.813
pdb2rmc
CA   42.993  11.886  62.802  -86.70  139.70 VAL  1226 131
Cen  42.970  12.219  62.210
CA   34.510   3.747  68.750  -60.60  -54.70 ASN   347  38
Cen  35.959   3.873  69.664
CA   31.529  19.825  70.486 -114.20  128.40 VAL   225  24
Cen  31.266  20.246  70.013
pdb2rmc
CA   42.091  13.280  63.640  -86.70  139.70 VAL  1226 131
Cen  41.998  13.776  63.185
CA   33.891   4.422  68.922  -60.60  -54.70 ASN   347  38
Cen  35.496   4.152  69.469
CA   33.089  18.397  69.039  -89.00  137.30 GLY   242  26
Cen  33.902  17.885  68.819
pdb2rmc
CA   41.939  10.484  63.868 -146.90  137.40 LYS  1251 134
Cen  43.384  11.875  65.415
CA   34.140   5.504  69.080 -139.50  155.90 PHE  1076 116
Cen  35.774   4.042  69.821
CA   32.465  19.544  69.274  -64.40  -45.70 VAL  1313 141
Cen  32.201  19.197  68.848
pdb2sns
CA   41.362  11.137  64.200  -19.10  -41.20 MET   501  64
Cen  40.315  10.258  64.858
CA   33.918   5.138  68.261  -74.10   93.40 MET   767  97
Cen  33.050   4.765  69.257
CA   32.577  18.678  69.837 -133.90  128.40 THR   158  21
Cen  32.644  19.306  70.025
pdb2sns
CA   40.412  10.875  63.782 -138.30  135.40 ASP   306  39
Cen  41.524  10.998  63.435
CA   35.683   4.435  68.584 -106.80  135.60 ARG   264  34
Cen  37.083   5.304  67.188
CA   32.988  19.026  69.463  -46.50  -50.90 ALA   799 101
Cen  33.546  18.993  69.430
pdb2sns
CA   42.193  11.867  62.800  -98.30  117.80 LYS   758  96
Cen  43.139  11.695  62.501
CA   33.386   4.598  68.736  -56.00  -71.30 HIS   975 123
Cen  34.752   5.064  67.641
CA   32.607  18.905  68.397 -161.10  169.10 ALA   704  89
Cen  33.317  18.817  68.606
pdb2tgi
CA   41.270  11.795  63.969  -69.70  152.10 ALA   381  46
Cen  40.786  11.467  63.640
CA   34.120   5.189  67.907 -152.50  164.50 LYS   870 109
Cen  33.540   5.092  69.905
CA   33.081  18.959  70.159  -65.50  -33.20 LEU   503  61
Cen  33.411  19.096  70.906
pdb2tps
CA   42.818  11.680  62.501 -153.40  153.10 MET  1476 197
Cen  42.210  11.268  61.313
CA   33.457   6.481  68.438  -82.20  111.20 PHE   379  48
Cen  31.806   6.672  69.699
CA   32.286  18.010  70.209  -87.40    5.50 ASN   210  25
Cen  33.106  17.481  70.978
pdb3bam
CA   42.759  11.293  63.209 -118.50  124.80 PHE  1424 175
Cen  44.498  11.158  62.341
CA   34.362   5.804  69.040  -65.20  -37.60 VAL   235  28
Cen  34.745   5.995  68.558
CA   32.079  17.429  69.620 -140.80  148.50 GLU    10   1
Cen  32.080  19.244  69.273
pdb3bam
CA   41.973  11.274  63.134 -103.80  121.10 GLY  1443 177
Cen  41.764  12.171  62.919
CA   33.463   5.086  69.707 -127.30  121.10 GLU   896 110
Cen  33.464   3.779  69.907
CA   32.417  17.733  69.425  -63.40  -44.10 SER   258  31
Cen  32.422  17.412  69.516
pdb3bam
CA   42.226  11.669  62.039 -127.30  121.10 GLU   896 110
Cen  42.295  11.816  60.726
CA   34.371   4.096  67.943 -103.80  121.10 GLY  1443 177
Cen  34.542   3.952  68.863
CA   32.233  21.219  69.853  -56.30  -25.80 PRO   461  58
Cen  31.718  21.156  69.864
pdb3bam
CA   41.331  12.093  63.739  -72.10  152.00 VAL  1254 155
Cen  40.883  12.237  63.152
CA   34.989   5.797  67.834  -77.90  -30.50 GLU  1296 160
Cen  36.691   5.579  67.574
CA   32.477  18.752  69.158 -111.40  128.70 LEU  1134 141
Cen  32.594  19.850  69.203
pdb3chb
CA   43.115  11.773  62.801 -152.00  167.70 MET   294  36
Cen  43.367  13.238  63.090
CA   33.805   4.932  69.643  -62.90  -45.00 THR   560  70
Cen  33.981   4.989  70.249
CA   32.561  18.592  69.184 -146.10  152.80 SER   208  25
Cen  33.384  18.550  69.302
pdb3chb
CA   41.870  10.367  61.935 -159.60  156.10 ALA   784  97
Cen  42.231  10.794  62.349
CA   34.470   6.228  68.418  -62.90  -45.00 THR   560  70
Cen  35.083   6.354  68.316
CA   32.653  18.504  69.100 -131.50  130.10 ILE   307  38
Cen  32.275  19.343  69.409
pdb3cla
CA   42.574  11.766  63.175 -139.40  178.90 GLY   247  26
Cen  42.198  12.113  62.263
CA   34.019   4.525  69.444  -63.40  -35.60 HIS  1614 195
Cen  35.160   3.453  69.322
CA   32.789  18.616  68.789 -107.40  133.40 SER  1524 183
Cen  33.396  18.766  69.010
pdb3cla
CA   42.548  12.346  63.241 -128.30  154.50 SER   262  28
Cen  42.445  12.915  62.622
CA   34.199   4.284  69.599  -58.90  -51.10 PHE  1647 199
Cen  35.080   5.922  70.752
CA   32.964  18.795  68.714  -69.10  130.90 PRO  1509 181
Cen  33.070  19.469  69.310
pdb3cla
CA   42.888  12.935  62.369 -116.60  122.90 ILE  1378 165
Cen  42.742  13.280  61.460
CA   33.161   2.849  69.325  -57.90  -45.90 ARG  1636 198
Cen  34.672   0.675  69.263
CA   32.441  19.436  68.889  -69.10  130.90 PRO  1509 181
Cen  32.870  20.205  69.101
pdb3eip
CA   41.850  10.971  63.776 -136.30  145.90 LYS    14   2
Cen  42.669  11.764  65.177
CA   34.591   5.608  68.446 -103.00   -3.40 TYR   477  60
Cen  35.388   4.433  66.674
CA   32.878  18.364  68.817 -158.80  145.70 GLU   150  18
Cen  34.384  19.083  68.396
pdb3eip
CA   42.913  12.428  62.870 -131.60  143.50 PHE   594  73
Cen  44.596  12.960  62.276
CA   33.784   3.977  69.938  -76.50  -28.70 LEU   445  56
Cen  34.325   3.940  70.780
CA   32.527  18.590  69.168 -136.30  145.90 LYS    14   2
Cen  31.571  19.743  68.157
pdb3eip
CA   41.546  10.722  63.647 -136.30  145.90 LYS    14   2
Cen  42.994  10.341  64.659
CA   34.391   5.085  68.152 -103.00   -3.40 TYR   477  60
Cen  34.054   5.096  65.907
CA   32.718  19.563  69.068 -131.60  143.50 PHE   594  73
Cen  32.713  21.400  69.374
pdb3grs
CA   41.423  11.454  63.544  -67.60   -5.80 SER  1282 154
Cen  41.097  11.534  62.935
CA   35.034   4.573  68.295 -164.40  152.80 GLU  1889 235
Cen  33.736   3.844  67.316
CA   33.843  19.047  68.680 -132.20  120.10 CYS  2117 266
Cen  34.078  19.121  69.450
pdb3grs
CA   39.778  11.186  63.587 -136.90  130.00 HIS  3282 416
Cen  40.345   9.702  63.952
CA   35.129   4.211  68.365  -61.70  -23.20 SER  1699 210
Cen  35.196   4.484  68.983
CA   33.875  19.045  67.964 -125.70  125.80 CYS  3156 399
Cen  34.549  19.168  68.233
pdb3grs
CA   41.272  10.297  62.789  -85.10  -29.00 MET  3348 425
Cen  40.025  10.563  62.207
CA   34.102   5.686  68.076 -115.70  140.80 ILE  2839 359
Cen  33.630   5.518  68.962
CA   32.613  18.913  70.710 -161.30  140.00 GLY  3270 414
Cen  32.534  19.118  69.760
pdb3grs
CA   41.022  10.531  63.686  -65.40  134.40 LYS  3247 411
Cen  42.838  10.913  64.135
CA   35.755   4.315  68.254  -62.20  -44.30 ASP  3459 441
Cen  36.574   4.224  68.320
CA   32.662  20.131  68.715 -141.60  135.70 LYS  3177 402
Cen  33.780  21.427  67.809
pdb3pvi
CA   42.576  10.869  63.559  -99.70  128.10 GLU   541  66
Cen  43.379  11.910  63.869
CA   33.669   5.793  69.097 -131.90  139.90 THR   391  47
Cen  33.849   5.161  69.309
CA   32.589  19.427  69.837  -81.00  -41.70 LYS   305  36
Cen  33.567  20.892  69.328
pdb3pvi
CA   41.984  11.494  63.647 -161.90  165.20 ALA   910 109
Cen  41.355  11.688  63.472
CA   34.794   3.841  67.979  -59.30  -49.80 GLN   330  39
Cen  36.024   3.555  66.165
CA   32.137  19.892  69.178 -113.30  146.80 TRP   803  97
Cen  30.425  21.141  67.320
pdb3pvi
CA   41.907  11.461  64.065  -68.30  126.70 LYS  1310 153
Cen  43.079  12.965  64.365
CA   34.037   3.976  69.472 -113.30  146.80 TRP   803  97
Cen  34.530   1.742  71.118
CA   33.652  19.584  69.991  -69.10  -49.90 ILE   364  43
Cen  34.544  19.239  70.026
pdb3pvi
CA   41.575  10.148  63.369 -135.70  130.10 GLY   631  77
Cen  41.719  10.993  62.977
CA   35.239   5.607  68.800  -62.10  -43.60 TYR  1253 146
Cen  35.849   6.051  71.183
CA   31.787  18.546  70.187 -116.30  113.90 ILE   817  98
Cen  31.421  19.263  70.077
pdb3pvi
CA   40.637  11.096  63.758 -135.70  130.10 GLY   631  77
Cen  40.831  12.015  63.693
CA   35.046   5.135  68.602  -62.10  -43.60 TYR  1253 146
Cen  36.260   4.514  70.696
CA   32.960  18.359  69.482 -106.60  135.50 ALA   836 100
Cen  33.514  18.379  69.032
pdb3seb
CA   40.088  11.904  62.977 -121.70  133.10 VAL   690  83
Cen  40.273  11.282  63.164
CA   34.159   2.791  68.169 -135.50  151.40 CYS   900 112
Cen  33.882   2.735  68.604
CA   33.194  20.616  68.733  -57.10  -34.10 ALA  1252 156
Cen  33.228  20.211  69.074
pdb3seb
CA   40.833  11.280  62.872 -121.70  133.10 VAL   690  83
Cen  41.494  11.148  62.907
CA   34.615   4.615  68.199  -56.50  -47.30 GLN  1257 157
Cen  36.225   4.468  67.571
CA   33.502  19.033  69.698 -109.80   15.40 ASN  1203 150
Cen  34.150  19.769  69.841
pdb3seb
CA   41.294  10.450  63.475 -124.00  147.20 LYS  1868 228
Cen  42.132   9.831  62.219
CA   34.457   5.749  69.542 -101.10  139.30 SER  1044 130
Cen  34.716   5.320  69.390
CA   32.165  18.764  69.356  -61.20  -45.50 GLU  1266 158
Cen  31.159  17.347  69.395
pdb3seb
CA   42.138  11.059  62.263  -60.20  -43.20 TYR  1339 166
Cen  39.824  11.920  62.174
CA   33.148   5.514  68.709  -85.00  136.40 THR  1058 132
Cen  32.762   5.734  69.208
CA   32.612  19.028  70.265 -104.60   -9.40 LEU  1139 142
Cen  32.960  19.972  70.351
pdb3seb
CA   41.440   9.289  63.880 -118.90  112.50 TYR  1901 232
Cen  41.792   7.052  63.786
CA   35.225   5.749  68.768 -102.20  125.70 ARG  1072 134
Cen  36.462   3.782  69.500
CA   31.381  19.317  70.323 -107.60  -20.60 ASN  1375 170
Cen  30.795  18.718  70.677
pdb3seb
CA   41.706  10.841  63.468 -112.40  149.00 ASP  1172 146
Cen  42.456  10.424  63.671
CA   35.042   5.265  68.922 -124.00  147.20 LYS  1868 228
Cen  34.839   3.702  69.345
CA   33.112  18.752  70.117  -61.20  -45.50 GLU  1266 158
Cen  34.706  18.743  70.812
pdb3seb
CA   42.676  12.011  63.036 -124.00  147.20 LYS  1868 228
Cen  43.315  12.841  61.784
CA   33.706   3.580  68.993  -61.20  -45.50 GLU  1266 158
Cen  34.994   2.418  68.893
CA   32.203  19.353  69.062 -137.30  150.60 TYR  1502 185
Cen  33.517  20.973  67.386
pdb3seb
CA   42.045  12.029  62.944 -126.40  139.30 GLU  1885 230
Cen  42.676  12.907  61.733
CA   33.693   3.932  68.821  -61.10  -36.60 LEU  1303 162
Cen  33.592   3.181  68.184
CA   34.045  19.624  68.796  -75.40  128.70 ASP  1627 198
Cen  33.853  20.273  69.667
pdb3seb
CA   42.105   9.010  62.867  -75.40  128.70 ASP  1627 198
Cen  43.088   9.012  63.369
CA   34.445   5.684  68.317 -118.90  112.50 TYR  1901 232
Cen  33.383   4.217  66.954
CA   31.079  19.773  69.936  -60.20  -43.20 TYR  1339 166
Cen  29.118  18.812  71.094
pdb3sil
CA   42.207   9.460  63.184 -136.10  148.40 SER  1720 215
Cen  42.569   9.671  62.833
CA   34.323   6.420  68.332  -61.10  -45.80 ASP  1290 159
Cen  34.531   5.184  68.220
CA   31.155  17.918  70.116 -163.80  154.90 ALA  1366 169
Cen  31.660  18.426  70.057
pdb3sil
CA   42.181   9.956  63.339 -107.10  154.10 THR  2264 282
Cen  42.660  10.502  63.440
CA   34.594   4.868  67.771  -60.80  -47.30 ILE  3014 374
Cen  34.720   5.494  67.111
CA   31.502  20.226  70.250 -100.70  114.40 LYS  2804 349
Cen  30.412  20.746  68.690
pdb3sil
CA   42.046  12.101  62.793 -107.10  154.10 THR  2264 282
Cen  42.092  11.677  62.197
CA   33.714   5.266  69.374 -127.90  141.00 THR  2827 351
Cen  34.127   4.681  69.091
CA   32.477  18.759  70.294  -67.70  -46.90 VAL  3007 373
Cen  32.837  18.965  70.718
pdb3sil
CA   41.144  12.389  63.249  -67.70  -46.90 VAL  3007 373
Cen  41.110  12.860  63.609
CA   35.449   5.555  68.916 -125.70  145.20 VAL  2337 290
Cen  35.505   6.014  68.445
CA   32.811  18.080  68.794 -101.80  128.60 LEU  2489 310
Cen  33.285  17.435  67.888
pdb3sil
CA   41.603  11.687  63.936 -120.60  153.70 TYR  2497 311
Cen  43.685  11.908  63.097
CA   34.389   5.881  68.711  -67.70  -46.90 VAL  3007 373
Cen  34.943   5.814  68.507
CA   34.211  16.388  69.621 -125.70  145.20 VAL  2337 290
Cen  34.101  15.832  69.283
pdb3sil
CA   41.998  11.742  63.415  -98.00  134.60 ALA  2344 291
Cen  41.278  11.768  63.380
CA   34.026   4.689  68.932  -67.70  -46.90 VAL  3007 373
Cen  33.651   5.138  68.830
CA   32.273  19.200  69.752 -131.70  152.20 SER  2483 309
Cen  32.328  19.342  69.250
pdb3sil
CA   42.470  11.703  63.105  -98.00  134.60 ALA  2344 291
Cen  42.094  11.139  62.861
CA   33.808   5.577  68.687  -67.70  -46.90 VAL  3007 373
Cen  33.658   5.409  68.137
CA   31.701  18.911  70.174 -127.90  141.00 THR  2827 351
Cen  31.978  19.618  70.050
pdb3sil
CA   41.712  11.829  61.898  -67.70  -46.90 VAL  3007 373
Cen  41.486  12.377  61.917
CA   33.532   3.246  68.522 -127.90  141.00 THR  2827 351
Cen  33.321   2.967  69.208
CA   32.371  20.656  68.908 -131.70  152.20 SER  2483 309
Cen  32.698  20.953  69.191
pdb3sil
CA   40.593  12.408  63.277  -60.00  -28.70 SER  2965 368
Cen  40.965  12.506  63.182
CA   34.665   3.576  67.909  -92.00  -48.70 ILE  2605 323
Cen  34.988   3.870  67.266
CA   32.742  20.261  68.483 -123.00  143.20 PHE  2929 364
Cen  34.437  20.567  67.184
pdb3sil
CA   42.490  12.429  62.627 -150.60  122.10 SER  2743 342
Cen  41.804  12.733  62.547
CA   33.721   4.644  68.699  -82.70  -11.90 HIS  2982 370
Cen  33.908   3.637  67.501
CA   32.317  18.460  69.253 -100.70  114.40 LYS  2804 349
Cen  32.073  18.366  67.298
pdb3sil
CA   41.150  11.802  64.455  -96.80  134.60 GLU  2818 350
Cen  41.551  12.884  65.576
CA   34.497   4.817  68.930 -150.60  122.10 SER  2743 342
Cen  34.634   5.064  68.230
CA   33.222  17.960  68.787  -82.70  -11.90 HIS  2982 370
Cen  31.666  17.729  68.883
pdb3std
CA   42.072  11.353  63.640 -105.40  136.30 TRP  1029 125
Cen  43.738   9.795  62.334
CA   33.606   4.427  69.680 -126.40  149.40 ARG   668  82
Cen  35.627   2.515  69.250
CA   33.247  19.152  69.784  -68.70  -38.10 GLY    75   9
Cen  33.237  18.600  69.196
pdb3std
CA   42.075  11.950  63.627  -98.90  114.30 TYR   769  94
Cen  44.049  11.401  62.700
CA   34.895   3.921  68.501  -66.80  -39.60 LEU    79  10
Cen  35.655   3.811  67.892
CA   32.600  19.388  69.591  -74.50  117.40 PHE   634  77
Cen  31.247  19.996  68.230
pdb3std
CA   40.945  12.475  63.438 -105.40  136.30 TRP  1029 125
Cen  43.269  13.697  63.331
CA   34.584   5.039  67.833  -58.90  -62.50 CYS   102  13
Cen  35.127   5.332  67.864
CA   32.635  19.634  69.422 -126.40  149.40 ARG   668  82
Cen  34.561  21.560  68.711
pdb3std
CA   41.645   9.492  62.875  -75.40  139.60 GLN   791  96
Cen  42.269   9.834  61.384
CA   35.509   4.798  67.328 -107.50  116.70 LEU  1011 123
Cen  34.780   3.868  67.810
CA   31.880  20.494  69.596  -63.00  -36.10 GLU   127  16
Cen  31.246  21.478  69.731
pdb3std
CA   42.182  12.203  63.366  149.90  168.90 GLY  1139 137
Cen  41.216  12.244  63.434
CA   33.963   2.326  68.598  -63.00  -36.10 GLU   127  16
Cen  33.946   1.150  68.537
CA   32.352  20.675  69.082 -118.30   98.60 ALA   998 121
Cen  33.088  20.838  68.954
pdb3std
CA   42.431  11.193  62.894 -107.80  -21.50 THR   939 113
Cen  42.585  10.818  63.415
CA   34.146   5.719  68.295  -93.70  -20.80 ARG  1259 151
Cen  35.248   5.705  66.074
CA   32.211  18.479  68.941  -75.10  145.80 PRO   826 100
Cen  32.464  19.250  69.458
pdb3vub
CA   40.952  12.187  63.198  -68.00  -18.00 SER   616  73
Cen  41.238  12.307  63.820
CA   34.349   4.769  69.285  -99.50  161.10 THR    62   6
Cen  35.053   4.149  68.900
CA   32.753  18.757  68.480  -89.60  145.90 SER   587  69
Cen  33.399  18.945  68.414
pdb3vub
CA   42.209  11.189  63.706 -136.10  154.70 LEU   155  15
Cen  43.207  11.406  63.670
CA   33.545   5.671  68.698 -102.30   -7.80 VAL   622  74
Cen  33.500   6.249  68.231
CA   32.214  18.090  69.081  -84.80  128.90 MET   283  31
Cen  32.005  18.895  68.617
pdb3vub
CA   42.403   9.775  63.434 -148.30  149.80 PHE   163  16
Cen  44.247  10.387  62.234
CA   33.994   6.913  68.898 -103.60  130.60 ARG   525  61
Cen  32.619   6.415  70.757
CA   31.186  18.451  70.278  -69.00  -35.40 ASP   741  88
Cen  30.483  17.916  70.125
pdb3vub
CA   41.710  10.716  63.994 -134.40  120.20 ASP   676  81
Cen  42.391  11.617  64.108
CA   34.180   4.517  68.871 -148.30  149.80 PHE   163  16
Cen  35.772   3.143  69.761
CA   32.808  20.202  69.034  -69.00  -35.40 ASP   741  88
Cen  32.464  20.320  68.214
pdb3vub
CA   41.460  10.666  63.942 -146.80  160.30 ARG   261  29
Cen  43.039  10.129  65.310
CA   35.112   5.555  68.934 -102.30   -7.80 VAL   622  74
Cen  35.398   6.108  69.342
CA   32.229  18.471  69.504 -108.60  127.60 VAL   174  17
Cen  32.704  19.216  69.600
pdb3vub
CA   42.112  10.994  62.184 -103.60  130.60 ARG   525  61
Cen  42.864   8.789  61.773
CA   34.235   5.264  68.527  -64.20  -45.90 ALA   778  92
Cen  34.290   5.466  69.016
CA   33.200  19.306  69.998  -71.80  124.10 ASP   181  18
Cen  32.159  19.724  70.278
pdb3vub
CA   42.241  11.076  62.475 -103.60  130.60 ARG   525  61
Cen  43.509   9.143  62.977
CA   34.268   5.332  68.682  -64.20  -45.90 ALA   778  92
Cen  34.144   5.667  69.077
CA   32.605  18.569  68.676 -135.30  166.50 VAL   291  32
Cen  33.110  19.125  68.830
pdb3vub
CA   41.896  10.957  62.127 -103.60  130.60 ARG   525  61
Cen  42.071   9.022  60.778
CA   33.600   5.324  68.635  -69.00  -35.40 ASP   741  88
Cen  33.388   5.418  67.768
CA   32.682  19.129  70.427 -134.40  120.20 ASP   676  81
Cen  31.702  18.782  70.884
pdb4gcr
CA   39.829  11.138  63.538 -161.70  153.50 SER  1116 122
Cen  40.453  11.424  63.206
CA   34.797   5.441  68.062  -64.00  -22.60 ASP  1403 155
Cen  35.326   5.125  67.376
CA   33.404  18.836  68.278  -76.90  134.60 LYS  1455 162
Cen  32.172  19.764  68.969
pdb4gcr
CA   42.621  12.145  62.482  -76.90  134.60 LYS  1455 162
Cen  42.546  12.601  60.857
CA   34.093   4.446  69.511  -64.00  -22.60 ASP  1403 155
Cen  34.465   4.048  70.255
CA   32.542  18.054  69.183 -121.80  127.80 VAL  1186 131
Cen  32.530  18.590  68.761
pdb7a3h
CA   40.556  12.465  62.698 -158.60  165.70 SER  2106 259
Cen  40.953  11.724  62.734
CA   34.141   2.679  68.822  -64.40  -21.00 GLN   313  38
Cen  35.504   2.187  68.274
CA   32.476  20.794  68.996 -153.00  147.40 VAL   483  56
Cen  32.980  20.786  68.296
pdb7a3h
CA   42.525  11.162  61.925  -62.90  -44.70 TRP   400  47
Cen  44.159  13.083  62.550
CA   33.802   5.175  68.946 -153.00  147.40 VAL   483  56
Cen  33.497   5.727  69.534
CA   31.529  18.125  70.144 -158.60  165.70 SER  2106 259
Cen  31.643  18.884  69.799
pdb8abp
CA   41.625  11.489  61.879 -147.10  171.10 MET   808 105
Cen  41.379  10.207  62.572
CA   34.110   5.201  68.888  -67.00  -35.10 ARG  1146 148
Cen  35.975   4.876  67.671
CA   33.221  17.833  70.308 -131.40  129.70 ILE  1748 229
Cen  33.269  16.878  70.054
pdb8abp
CA   43.371  10.816  62.290 -145.80  139.70 VAL  2177 285
Cen  43.718  11.601  62.275
CA   33.582   5.726  68.970  -60.60  -49.30 GLN   895 117
Cen  34.317   4.747  68.001
CA   31.531  17.770  69.649 -124.90  131.80 GLY  1732 226
Cen  32.532  17.758  69.774
pdb8abp
CA   43.197  10.770  62.499 -145.80  139.70 VAL  2177 285
Cen  43.375  11.610  62.473
CA   34.169   3.950  68.692  -60.60  -49.30 GLN   895 117
Cen  35.164   3.117  67.823
CA   31.708  19.527  69.316  -84.40  100.90 PHE  1863 246
Cen  32.569  19.631  67.468
pdb8abp
CA   42.195  10.878  63.542 -109.70  109.40 ILE  1289 167
Cen  43.172  10.812  63.436
CA   33.991   3.830  69.548 -144.00  132.20 HIS  1511 196
Cen  33.682   2.336  68.793
CA   32.589  20.175  70.069  -68.10  -35.20 SER  1431 186
Cen  33.132  20.123  69.712
pdb8abp
CA   40.959  11.742  64.318  -62.20  -45.30 VAL  1940 256
Cen  40.677  11.269  64.655
CA   34.018   4.924  68.089 -113.10  120.30 GLU  2139 280
Cen  32.847   4.881  69.354
CA   33.177  19.806  68.800  -88.70  104.40 LEU  1904 251
Cen  34.450  20.025  68.904
